This file contains any messages produced by compilers while
running configure, to aid debugging if configure makes a mistake.

It was created by pOSKI configure v1.0.0, which was
generated by GNU Autoconf 2.68.  Invocation command line was

  $ ./configure 

## --------- ##
## Platform. ##
## --------- ##

hostname = Kulins-iMac-Pro.local
uname -m = x86_64
uname -r = 20.0.0
uname -s = Darwin
uname -v = Darwin Kernel Version 20.0.0: Fri Jan 17 18:24:25 PST 2020; root:xnu-6673.0.0.0.3~5/DEVELOPMENT_X86_64

/usr/bin/uname -p = i386
/bin/uname -X     = unknown

/bin/arch              = unknown
/usr/bin/arch -k       = unknown
/usr/convex/getsysinfo = unknown
/usr/bin/hostinfo      = Mach kernel version:
	 Darwin Kernel Version 20.0.0: Fri Jan 17 18:24:25 PST 2020; root:xnu-6673.0.0.0.3~5/DEVELOPMENT_X86_64
Kernel configured for up to 16 processors.
8 processors are physically available.
16 processors are logically available.
Processor type: x86_64h (Intel x86-64h Haswell)
Processors active: 0 1 2 3 4 5 6 7 8 9 10 11 12 13 14 15
Primary memory available: 64.00 gigabytes
Default processor set: 520 tasks, 1880 threads, 16 processors
Load average: 1.24, Mach factor: 14.75
/bin/machine           = unknown
/usr/bin/oslevel       = unknown
/bin/universe          = unknown

PATH: /usr/local/bin
PATH: /usr/bin
PATH: /bin
PATH: /usr/sbin
PATH: /sbin
PATH: /opt/appleinternal/bin
PATH: /opt/apple/bin
PATH: /usr/appleinternal/bin
PATH: /opt/xbs/bin
PATH: /usr/local/sbin
PATH: /Users/kulinseth/bin
PATH: /Users/kulinseth/src/scripts/


## ----------- ##
## Core tests. ##
## ----------- ##

configure:2316: checking for a BSD-compatible install
configure:2384: result: /usr/bin/install -c
configure:2395: checking whether build environment is sane
configure:2445: result: yes
configure:2586: checking for a thread-safe mkdir -p
configure:2625: result: ./install-sh -c -d
configure:2638: checking for gawk
configure:2668: result: no
configure:2638: checking for mawk
configure:2668: result: no
configure:2638: checking for nawk
configure:2668: result: no
configure:2638: checking for awk
configure:2654: found /usr/bin/awk
configure:2665: result: awk
configure:2676: checking whether make sets $(MAKE)
configure:2698: result: yes
configure:2779: checking whether to enable maintainer-specific portions of Makefiles
configure:2788: result: no
configure:2840: checking build system type
configure:2854: result: x86_64-apple-darwin20.0.0
configure:2874: checking host system type
configure:2887: result: x86_64-apple-darwin20.0.0
configure:2966: checking for icc
configure:2996: result: no
configure:2966: checking for gcc
configure:2982: found /usr/bin/gcc
configure:2993: result: gcc
configure:3024: checking for C compiler version
configure:3033: gcc --version >&5
Apple clang version 11.0.0 (clang-1100.0.33.12)
Target: x86_64-apple-darwin20.0.0
Thread model: posix
InstalledDir: /Applications/Xcode.app/Contents/Developer/Toolchains/XcodeDefault.xctoolchain/usr/bin
Configured with: --prefix=/Applications/Xcode.app/Contents/Developer/usr --with-gxx-include-dir=/Applications/Xcode.app/Contents/Developer/Platforms/MacOSX.platform/Developer/SDKs/MacOSX10.16.sdk/usr/include/c++/4.2.1
configure:3044: $? = 0
configure:3033: gcc -v >&5
Configured with: --prefix=/Applications/Xcode.app/Contents/Developer/usr --with-gxx-include-dir=/Applications/Xcode.app/Contents/Developer/Platforms/MacOSX.platform/Developer/SDKs/MacOSX10.16.sdk/usr/include/c++/4.2.1
Apple clang version 11.0.0 (clang-1100.0.33.12)
Target: x86_64-apple-darwin20.0.0
Thread model: posix
InstalledDir: /Applications/Xcode.app/Contents/Developer/Toolchains/XcodeDefault.xctoolchain/usr/bin
configure:3044: $? = 0
configure:3033: gcc -V >&5
clang: error: unsupported option '-V -Wno-framework-include-private-from-public'
clang: error: no input files
configure:3044: $? = 1
configure:3033: gcc -qversion >&5
clang: error: unknown argument '-qversion', did you mean '--version'?
clang: error: no input files
configure:3044: $? = 1
configure:3064: checking whether the C compiler works
configure:3086: gcc    conftest.c  >&5
configure:3090: $? = 0
configure:3138: result: yes
configure:3141: checking for C compiler default output file name
configure:3143: result: a.out
configure:3149: checking for suffix of executables
configure:3156: gcc -o conftest    conftest.c  >&5
configure:3160: $? = 0
configure:3182: result: 
configure:3204: checking whether we are cross compiling
configure:3212: gcc -o conftest    conftest.c  >&5
configure:3216: $? = 0
configure:3223: ./conftest
configure:3227: $? = 0
configure:3242: result: no
configure:3247: checking for suffix of object files
configure:3269: gcc -c   conftest.c >&5
configure:3273: $? = 0
configure:3294: result: o
configure:3298: checking whether we are using the GNU C compiler
configure:3317: gcc -c   conftest.c >&5
configure:3317: $? = 0
configure:3326: result: yes
configure:3335: checking whether gcc accepts -g
configure:3355: gcc -c -g  conftest.c >&5
configure:3355: $? = 0
configure:3396: result: yes
configure:3413: checking for gcc option to accept ISO C89
configure:3477: gcc  -c -g -O2  conftest.c >&5
configure:3477: $? = 0
configure:3490: result: none needed
configure:3521: checking for style of include used by make
configure:3549: result: GNU
configure:3575: checking dependency style of gcc
configure:3686: result: gcc3
configure:3746: checking for ranlib
configure:3762: found /usr/bin/ranlib
configure:3773: result: ranlib
configure:3872: checking how to print strings
configure:3899: result: printf
configure:3920: checking for a sed that does not truncate output
configure:3984: result: /usr/bin/sed
configure:4002: checking for grep that handles long lines and -e
configure:4060: result: /usr/bin/grep
configure:4065: checking for egrep
configure:4127: result: /usr/bin/grep -E
configure:4132: checking for fgrep
configure:4194: result: /usr/bin/grep -F
configure:4229: checking for ld used by gcc
configure:4296: result: /Applications/Xcode.app/Contents/Developer/Toolchains/XcodeDefault.xctoolchain/usr/bin/ld
configure:4303: checking if the linker (/Applications/Xcode.app/Contents/Developer/Toolchains/XcodeDefault.xctoolchain/usr/bin/ld) is GNU ld
configure:4318: result: no
configure:4330: checking for BSD- or MS-compatible name lister (nm)
configure:4379: result: /usr/bin/nm -B
configure:4509: checking the name lister (/usr/bin/nm -B) interface
configure:4516: gcc -c -g -O2  conftest.c >&5
configure:4519: /usr/bin/nm -B "conftest.o"
configure:4522: output
0000000000000220 S _some_variable
configure:4529: result: BSD nm
configure:4532: checking whether ln -s works
configure:4536: result: yes
configure:4544: checking the maximum length of command line arguments
configure:4674: result: 196608
configure:4691: checking whether the shell understands some XSI constructs
configure:4701: result: yes
configure:4705: checking whether the shell understands "+="
configure:4711: result: yes
configure:4746: checking how to convert x86_64-apple-darwin20.0.0 file names to x86_64-apple-darwin20.0.0 format
configure:4786: result: func_convert_file_noop
configure:4793: checking how to convert x86_64-apple-darwin20.0.0 file names to toolchain format
configure:4813: result: func_convert_file_noop
configure:4820: checking for /Applications/Xcode.app/Contents/Developer/Toolchains/XcodeDefault.xctoolchain/usr/bin/ld option to reload object files
configure:4827: result: -r
configure:4901: checking for objdump
configure:4917: found /usr/bin/objdump
configure:4928: result: objdump
configure:4960: checking how to recognize dependent libraries
configure:5162: result: pass_all
configure:5247: checking for dlltool
configure:5277: result: no
configure:5307: checking how to associate runtime and link libraries
configure:5334: result: printf %s\n
configure:5395: checking for ar
configure:5411: found /usr/bin/ar
configure:5422: result: ar
configure:5459: checking for archiver @FILE support
configure:5476: gcc -c -g -O2  conftest.c >&5
configure:5476: $? = 0
configure:5479: ar cru libconftest.a @conftest.lst >&5
ar: @conftest.lst: No such file or directory
configure:5482: $? = 1
configure:5502: result: no
configure:5560: checking for strip
configure:5576: found /usr/bin/strip
configure:5587: result: strip
configure:5659: checking for ranlib
configure:5686: result: ranlib
configure:5788: checking command to parse /usr/bin/nm -B output from gcc object
configure:5908: gcc -c -g -O2  conftest.c >&5
configure:5911: $? = 0
configure:5915: /usr/bin/nm -B conftest.o \| sed -n -e 's/^.*[ ]\([BCDEGRST][BCDEGRST]*\)[ ][ ]*\([_A-Za-z][_A-Za-z0-9]*\)$/\1 \2 \2/p' | sed '/ __gnu_lto/d' \> conftest.nm
configure:5918: $? = 0
cannot find nm_test_var in conftest.nm
configure:5908: gcc -c -g -O2  conftest.c >&5
configure:5911: $? = 0
configure:5915: /usr/bin/nm -B conftest.o \| sed -n -e 's/^.*[ ]\([BCDEGRST][BCDEGRST]*\)[ ][ ]*_\([_A-Za-z][_A-Za-z0-9]*\)$/\1 _\2 \2/p' | sed '/ __gnu_lto/d' \> conftest.nm
configure:5918: $? = 0
configure:5984: gcc -o conftest -g -O2   conftest.c conftstm.o >&5
warning: (x86_64)  could not find object file symbol for symbol _main
configure:5987: $? = 0
configure:6025: result: ok
configure:6062: checking for sysroot
configure:6092: result: no
configure:6348: checking for mt
configure:6378: result: no
configure:6398: checking if : is a manifest tool
configure:6404: : '-?'
configure:6412: result: no
configure:6468: checking for dsymutil
configure:6484: found /usr/bin/dsymutil
configure:6495: result: dsymutil
configure:6560: checking for nmedit
configure:6576: found /usr/bin/nmedit
configure:6587: result: nmedit
configure:6652: checking for lipo
configure:6668: found /usr/bin/lipo
configure:6679: result: lipo
configure:6744: checking for otool
configure:6760: found /usr/bin/otool
configure:6771: result: otool
configure:6836: checking for otool64
configure:6866: result: no
configure:6911: checking for -single_module linker flag
gcc -g -O2  -o libconftest.dylib -dynamiclib -Wl,-single_module conftest.c
configure:6944: result: yes
configure:6947: checking for -exported_symbols_list linker flag
configure:6967: gcc -o conftest -g -O2   -Wl,-exported_symbols_list,conftest.sym conftest.c  >&5
configure:6967: $? = 0
configure:6977: result: yes
configure:6980: checking for -force_load linker flag
gcc -g -O2 -c -o conftest.o conftest.c
ar cru libconftest.a conftest.o
ranlib libconftest.a
gcc -g -O2  -o conftest conftest.c -Wl,-force_load,./libconftest.a
configure:7012: result: yes
configure:7054: checking how to run the C preprocessor
configure:7085: gcc -E  conftest.c
configure:7085: $? = 0
configure:7099: gcc -E  conftest.c
conftest.c:11:10: fatal error: 'ac_nonexistent.h' file not found
#include <ac_nonexistent.h>
         ^~~~~~~~~~~~~~~~~~
1 error generated.
configure:7099: $? = 1
configure: failed program was:
| /* confdefs.h */
| #define PACKAGE_NAME "pOSKI"
| #define PACKAGE_TARNAME "poski"
| #define PACKAGE_VERSION "v1.0.0"
| #define PACKAGE_STRING "pOSKI v1.0.0"
| #define PACKAGE_BUGREPORT "bebop-poski-admin@lists.eecs.berkeley.edu"
| #define PACKAGE_URL ""
| #define PACKAGE "poski"
| #define VERSION "v1.0.0"
| /* end confdefs.h.  */
| #include <ac_nonexistent.h>
configure:7124: result: gcc -E
configure:7144: gcc -E  conftest.c
configure:7144: $? = 0
configure:7158: gcc -E  conftest.c
conftest.c:11:10: fatal error: 'ac_nonexistent.h' file not found
#include <ac_nonexistent.h>
         ^~~~~~~~~~~~~~~~~~
1 error generated.
configure:7158: $? = 1
configure: failed program was:
| /* confdefs.h */
| #define PACKAGE_NAME "pOSKI"
| #define PACKAGE_TARNAME "poski"
| #define PACKAGE_VERSION "v1.0.0"
| #define PACKAGE_STRING "pOSKI v1.0.0"
| #define PACKAGE_BUGREPORT "bebop-poski-admin@lists.eecs.berkeley.edu"
| #define PACKAGE_URL ""
| #define PACKAGE "poski"
| #define VERSION "v1.0.0"
| /* end confdefs.h.  */
| #include <ac_nonexistent.h>
configure:7187: checking for ANSI C header files
configure:7207: gcc -c -g -O2  conftest.c >&5
configure:7207: $? = 0
configure:7280: gcc -o conftest -g -O2   conftest.c  >&5
configure:7280: $? = 0
configure:7280: ./conftest
configure:7280: $? = 0
configure:7291: result: yes
configure:7304: checking for sys/types.h
configure:7304: gcc -c -g -O2  conftest.c >&5
configure:7304: $? = 0
configure:7304: result: yes
configure:7304: checking for sys/stat.h
configure:7304: gcc -c -g -O2  conftest.c >&5
configure:7304: $? = 0
configure:7304: result: yes
configure:7304: checking for stdlib.h
configure:7304: gcc -c -g -O2  conftest.c >&5
configure:7304: $? = 0
configure:7304: result: yes
configure:7304: checking for string.h
configure:7304: gcc -c -g -O2  conftest.c >&5
configure:7304: $? = 0
configure:7304: result: yes
configure:7304: checking for memory.h
configure:7304: gcc -c -g -O2  conftest.c >&5
configure:7304: $? = 0
configure:7304: result: yes
configure:7304: checking for strings.h
configure:7304: gcc -c -g -O2  conftest.c >&5
configure:7304: $? = 0
configure:7304: result: yes
configure:7304: checking for inttypes.h
configure:7304: gcc -c -g -O2  conftest.c >&5
configure:7304: $? = 0
configure:7304: result: yes
configure:7304: checking for stdint.h
configure:7304: gcc -c -g -O2  conftest.c >&5
configure:7304: $? = 0
configure:7304: result: yes
configure:7304: checking for unistd.h
configure:7304: gcc -c -g -O2  conftest.c >&5
configure:7304: $? = 0
configure:7304: result: yes
configure:7318: checking for dlfcn.h
configure:7318: gcc -c -g -O2  conftest.c >&5
configure:7318: $? = 0
configure:7318: result: yes
configure:7522: checking for objdir
configure:7537: result: .libs
configure:7808: checking if gcc supports -fno-rtti -fno-exceptions
configure:7826: gcc -c -g -O2  -fno-rtti -fno-exceptions conftest.c >&5
configure:7830: $? = 0
configure:7843: result: yes
configure:8170: checking for gcc option to produce PIC
configure:8177: result: -fno-common -DPIC
configure:8185: checking if gcc PIC flag -fno-common -DPIC works
configure:8203: gcc -c -g -O2  -fno-common -DPIC -DPIC conftest.c >&5
configure:8207: $? = 0
configure:8220: result: yes
configure:8249: checking if gcc static flag -static works
configure:8277: result: no
configure:8292: checking if gcc supports -c -o file.o
configure:8313: gcc -c -g -O2  -o out/conftest2.o conftest.c >&5
configure:8317: $? = 0
configure:8339: result: yes
configure:8347: checking if gcc supports -c -o file.o
configure:8394: result: yes
configure:8427: checking whether the gcc linker (/Applications/Xcode.app/Contents/Developer/Toolchains/XcodeDefault.xctoolchain/usr/bin/ld) supports shared libraries
configure:9584: result: yes
configure:9824: checking dynamic linker characteristics
configure:10569: result: darwin20.0.0 dyld
configure:10676: checking how to hardcode library paths into programs
configure:10701: result: immediate
configure:10746: checking for dlopen in -ldl
configure:10771: gcc -o conftest -g -O2   conftest.c -ldl   >&5
configure:10771: $? = 0
configure:10780: result: yes
configure:10995: checking whether a program can dlopen itself
configure:11075: gcc -o conftest -g -O2  -DHAVE_DLFCN_H   conftest.c -ldl  >&5
configure:11078: $? = 0
configure:11096: result: yes
configure:11101: checking whether a statically linked program can dlopen itself
configure:11181: gcc -o conftest -g -O2  -DHAVE_DLFCN_H    conftest.c -ldl  >&5
configure:11184: $? = 0
configure:11202: result: yes
configure:11241: checking whether stripping libraries is possible
configure:11255: result: yes
configure:11281: checking if libtool supports shared libraries
configure:11283: result: yes
configure:11286: checking whether to build shared libraries
configure:11307: result: yes
configure:11310: checking whether to build static libraries
configure:11314: result: yes
configure:11482: checking for ANSI C header files
configure:11586: result: yes
configure:11597: checking stdio.h usability
configure:11597: gcc -c -g -O2  conftest.c >&5
configure:11597: $? = 0
configure:11597: result: yes
configure:11597: checking stdio.h presence
configure:11597: gcc -E  conftest.c
configure:11597: $? = 0
configure:11597: result: yes
configure:11597: checking for stdio.h
configure:11597: result: yes
configure:11597: checking for stdlib.h
configure:11597: result: yes
configure:11597: checking stdbool.h usability
configure:11597: gcc -c -g -O2  conftest.c >&5
configure:11597: $? = 0
configure:11597: result: yes
configure:11597: checking stdbool.h presence
configure:11597: gcc -E  conftest.c
configure:11597: $? = 0
configure:11597: result: yes
configure:11597: checking for stdbool.h
configure:11597: result: yes
configure:11597: checking stdarg.h usability
configure:11597: gcc -c -g -O2  conftest.c >&5
configure:11597: $? = 0
configure:11597: result: yes
configure:11597: checking stdarg.h presence
configure:11597: gcc -E  conftest.c
configure:11597: $? = 0
configure:11597: result: yes
configure:11597: checking for stdarg.h
configure:11597: result: yes
configure:11597: checking for string.h
configure:11597: result: yes
configure:11597: checking for strings.h
configure:11597: result: yes
configure:11610: checking malloc.h usability
configure:11610: gcc -c -g -O2  conftest.c >&5
conftest.c:63:10: fatal error: 'malloc.h' file not found
#include <malloc.h>
         ^~~~~~~~~~
1 error generated.
configure:11610: $? = 1
configure: failed program was:
| /* confdefs.h */
| #define PACKAGE_NAME "pOSKI"
| #define PACKAGE_TARNAME "poski"
| #define PACKAGE_VERSION "v1.0.0"
| #define PACKAGE_STRING "pOSKI v1.0.0"
| #define PACKAGE_BUGREPORT "bebop-poski-admin@lists.eecs.berkeley.edu"
| #define PACKAGE_URL ""
| #define PACKAGE "poski"
| #define VERSION "v1.0.0"
| #define STDC_HEADERS 1
| #define HAVE_SYS_TYPES_H 1
| #define HAVE_SYS_STAT_H 1
| #define HAVE_STDLIB_H 1
| #define HAVE_STRING_H 1
| #define HAVE_MEMORY_H 1
| #define HAVE_STRINGS_H 1
| #define HAVE_INTTYPES_H 1
| #define HAVE_STDINT_H 1
| #define HAVE_UNISTD_H 1
| #define HAVE_DLFCN_H 1
| #define LT_OBJDIR ".libs/"
| #define STDC_HEADERS 1
| #define HAVE_STDIO_H 1
| #define HAVE_STDLIB_H 1
| #define HAVE_STDBOOL_H 1
| #define HAVE_STDARG_H 1
| #define HAVE_STRING_H 1
| #define HAVE_STRINGS_H 1
| /* end confdefs.h.  */
| #include <stdio.h>
| #ifdef HAVE_SYS_TYPES_H
| # include <sys/types.h>
| #endif
| #ifdef HAVE_SYS_STAT_H
| # include <sys/stat.h>
| #endif
| #ifdef STDC_HEADERS
| # include <stdlib.h>
| # include <stddef.h>
| #else
| # ifdef HAVE_STDLIB_H
| #  include <stdlib.h>
| # endif
| #endif
| #ifdef HAVE_STRING_H
| # if !defined STDC_HEADERS && defined HAVE_MEMORY_H
| #  include <memory.h>
| # endif
| # include <string.h>
| #endif
| #ifdef HAVE_STRINGS_H
| # include <strings.h>
| #endif
| #ifdef HAVE_INTTYPES_H
| # include <inttypes.h>
| #endif
| #ifdef HAVE_STDINT_H
| # include <stdint.h>
| #endif
| #ifdef HAVE_UNISTD_H
| # include <unistd.h>
| #endif
| #include <malloc.h>
configure:11610: result: no
configure:11610: checking malloc.h presence
configure:11610: gcc -E  conftest.c
conftest.c:30:10: fatal error: 'malloc.h' file not found
#include <malloc.h>
         ^~~~~~~~~~
1 error generated.
configure:11610: $? = 1
configure: failed program was:
| /* confdefs.h */
| #define PACKAGE_NAME "pOSKI"
| #define PACKAGE_TARNAME "poski"
| #define PACKAGE_VERSION "v1.0.0"
| #define PACKAGE_STRING "pOSKI v1.0.0"
| #define PACKAGE_BUGREPORT "bebop-poski-admin@lists.eecs.berkeley.edu"
| #define PACKAGE_URL ""
| #define PACKAGE "poski"
| #define VERSION "v1.0.0"
| #define STDC_HEADERS 1
| #define HAVE_SYS_TYPES_H 1
| #define HAVE_SYS_STAT_H 1
| #define HAVE_STDLIB_H 1
| #define HAVE_STRING_H 1
| #define HAVE_MEMORY_H 1
| #define HAVE_STRINGS_H 1
| #define HAVE_INTTYPES_H 1
| #define HAVE_STDINT_H 1
| #define HAVE_UNISTD_H 1
| #define HAVE_DLFCN_H 1
| #define LT_OBJDIR ".libs/"
| #define STDC_HEADERS 1
| #define HAVE_STDIO_H 1
| #define HAVE_STDLIB_H 1
| #define HAVE_STDBOOL_H 1
| #define HAVE_STDARG_H 1
| #define HAVE_STRING_H 1
| #define HAVE_STRINGS_H 1
| /* end confdefs.h.  */
| #include <malloc.h>
configure:11610: result: no
configure:11610: checking for malloc.h
configure:11610: result: no
configure:11610: checking assert.h usability
configure:11610: gcc -c -g -O2  conftest.c >&5
configure:11610: $? = 0
configure:11610: result: yes
configure:11610: checking assert.h presence
configure:11610: gcc -E  conftest.c
configure:11610: $? = 0
configure:11610: result: yes
configure:11610: checking for assert.h
configure:11610: result: yes
configure:11610: checking time.h usability
configure:11610: gcc -c -g -O2  conftest.c >&5
configure:11610: $? = 0
configure:11610: result: yes
configure:11610: checking time.h presence
configure:11610: gcc -E  conftest.c
configure:11610: $? = 0
configure:11610: result: yes
configure:11610: checking for time.h
configure:11610: result: yes
configure:11610: checking sys/time.h usability
configure:11610: gcc -c -g -O2  conftest.c >&5
configure:11610: $? = 0
configure:11610: result: yes
configure:11610: checking sys/time.h presence
configure:11610: gcc -E  conftest.c
configure:11610: $? = 0
configure:11610: result: yes
configure:11610: checking for sys/time.h
configure:11610: result: yes
configure:11610: checking for sys/types.h
configure:11610: result: yes
configure:11610: checking sys/sysinfo.h usability
configure:11610: gcc -c -g -O2  conftest.c >&5
conftest.c:67:10: fatal error: 'sys/sysinfo.h' file not found
#include <sys/sysinfo.h>
         ^~~~~~~~~~~~~~~
1 error generated.
configure:11610: $? = 1
configure: failed program was:
| /* confdefs.h */
| #define PACKAGE_NAME "pOSKI"
| #define PACKAGE_TARNAME "poski"
| #define PACKAGE_VERSION "v1.0.0"
| #define PACKAGE_STRING "pOSKI v1.0.0"
| #define PACKAGE_BUGREPORT "bebop-poski-admin@lists.eecs.berkeley.edu"
| #define PACKAGE_URL ""
| #define PACKAGE "poski"
| #define VERSION "v1.0.0"
| #define STDC_HEADERS 1
| #define HAVE_SYS_TYPES_H 1
| #define HAVE_SYS_STAT_H 1
| #define HAVE_STDLIB_H 1
| #define HAVE_STRING_H 1
| #define HAVE_MEMORY_H 1
| #define HAVE_STRINGS_H 1
| #define HAVE_INTTYPES_H 1
| #define HAVE_STDINT_H 1
| #define HAVE_UNISTD_H 1
| #define HAVE_DLFCN_H 1
| #define LT_OBJDIR ".libs/"
| #define STDC_HEADERS 1
| #define HAVE_STDIO_H 1
| #define HAVE_STDLIB_H 1
| #define HAVE_STDBOOL_H 1
| #define HAVE_STDARG_H 1
| #define HAVE_STRING_H 1
| #define HAVE_STRINGS_H 1
| #define HAVE_ASSERT_H 1
| #define HAVE_TIME_H 1
| #define HAVE_SYS_TIME_H 1
| #define HAVE_SYS_TYPES_H 1
| /* end confdefs.h.  */
| #include <stdio.h>
| #ifdef HAVE_SYS_TYPES_H
| # include <sys/types.h>
| #endif
| #ifdef HAVE_SYS_STAT_H
| # include <sys/stat.h>
| #endif
| #ifdef STDC_HEADERS
| # include <stdlib.h>
| # include <stddef.h>
| #else
| # ifdef HAVE_STDLIB_H
| #  include <stdlib.h>
| # endif
| #endif
| #ifdef HAVE_STRING_H
| # if !defined STDC_HEADERS && defined HAVE_MEMORY_H
| #  include <memory.h>
| # endif
| # include <string.h>
| #endif
| #ifdef HAVE_STRINGS_H
| # include <strings.h>
| #endif
| #ifdef HAVE_INTTYPES_H
| # include <inttypes.h>
| #endif
| #ifdef HAVE_STDINT_H
| # include <stdint.h>
| #endif
| #ifdef HAVE_UNISTD_H
| # include <unistd.h>
| #endif
| #include <sys/sysinfo.h>
configure:11610: result: no
configure:11610: checking sys/sysinfo.h presence
configure:11610: gcc -E  conftest.c
conftest.c:34:10: fatal error: 'sys/sysinfo.h' file not found
#include <sys/sysinfo.h>
         ^~~~~~~~~~~~~~~
1 error generated.
configure:11610: $? = 1
configure: failed program was:
| /* confdefs.h */
| #define PACKAGE_NAME "pOSKI"
| #define PACKAGE_TARNAME "poski"
| #define PACKAGE_VERSION "v1.0.0"
| #define PACKAGE_STRING "pOSKI v1.0.0"
| #define PACKAGE_BUGREPORT "bebop-poski-admin@lists.eecs.berkeley.edu"
| #define PACKAGE_URL ""
| #define PACKAGE "poski"
| #define VERSION "v1.0.0"
| #define STDC_HEADERS 1
| #define HAVE_SYS_TYPES_H 1
| #define HAVE_SYS_STAT_H 1
| #define HAVE_STDLIB_H 1
| #define HAVE_STRING_H 1
| #define HAVE_MEMORY_H 1
| #define HAVE_STRINGS_H 1
| #define HAVE_INTTYPES_H 1
| #define HAVE_STDINT_H 1
| #define HAVE_UNISTD_H 1
| #define HAVE_DLFCN_H 1
| #define LT_OBJDIR ".libs/"
| #define STDC_HEADERS 1
| #define HAVE_STDIO_H 1
| #define HAVE_STDLIB_H 1
| #define HAVE_STDBOOL_H 1
| #define HAVE_STDARG_H 1
| #define HAVE_STRING_H 1
| #define HAVE_STRINGS_H 1
| #define HAVE_ASSERT_H 1
| #define HAVE_TIME_H 1
| #define HAVE_SYS_TIME_H 1
| #define HAVE_SYS_TYPES_H 1
| /* end confdefs.h.  */
| #include <sys/sysinfo.h>
configure:11610: result: no
configure:11610: checking for sys/sysinfo.h
configure:11610: result: no
configure:11623: checking stddef.h usability
configure:11623: gcc -c -g -O2  conftest.c >&5
configure:11623: $? = 0
configure:11623: result: yes
configure:11623: checking stddef.h presence
configure:11623: gcc -E  conftest.c
configure:11623: $? = 0
configure:11623: result: yes
configure:11623: checking for stddef.h
configure:11623: result: yes
configure:11623: checking for unistd.h
configure:11623: result: yes
configure:11623: checking argz.h usability
configure:11623: gcc -c -g -O2  conftest.c >&5
conftest.c:69:10: fatal error: 'argz.h' file not found
#include <argz.h>
         ^~~~~~~~
1 error generated.
configure:11623: $? = 1
configure: failed program was:
| /* confdefs.h */
| #define PACKAGE_NAME "pOSKI"
| #define PACKAGE_TARNAME "poski"
| #define PACKAGE_VERSION "v1.0.0"
| #define PACKAGE_STRING "pOSKI v1.0.0"
| #define PACKAGE_BUGREPORT "bebop-poski-admin@lists.eecs.berkeley.edu"
| #define PACKAGE_URL ""
| #define PACKAGE "poski"
| #define VERSION "v1.0.0"
| #define STDC_HEADERS 1
| #define HAVE_SYS_TYPES_H 1
| #define HAVE_SYS_STAT_H 1
| #define HAVE_STDLIB_H 1
| #define HAVE_STRING_H 1
| #define HAVE_MEMORY_H 1
| #define HAVE_STRINGS_H 1
| #define HAVE_INTTYPES_H 1
| #define HAVE_STDINT_H 1
| #define HAVE_UNISTD_H 1
| #define HAVE_DLFCN_H 1
| #define LT_OBJDIR ".libs/"
| #define STDC_HEADERS 1
| #define HAVE_STDIO_H 1
| #define HAVE_STDLIB_H 1
| #define HAVE_STDBOOL_H 1
| #define HAVE_STDARG_H 1
| #define HAVE_STRING_H 1
| #define HAVE_STRINGS_H 1
| #define HAVE_ASSERT_H 1
| #define HAVE_TIME_H 1
| #define HAVE_SYS_TIME_H 1
| #define HAVE_SYS_TYPES_H 1
| #define HAVE_STDDEF_H 1
| #define HAVE_UNISTD_H 1
| /* end confdefs.h.  */
| #include <stdio.h>
| #ifdef HAVE_SYS_TYPES_H
| # include <sys/types.h>
| #endif
| #ifdef HAVE_SYS_STAT_H
| # include <sys/stat.h>
| #endif
| #ifdef STDC_HEADERS
| # include <stdlib.h>
| # include <stddef.h>
| #else
| # ifdef HAVE_STDLIB_H
| #  include <stdlib.h>
| # endif
| #endif
| #ifdef HAVE_STRING_H
| # if !defined STDC_HEADERS && defined HAVE_MEMORY_H
| #  include <memory.h>
| # endif
| # include <string.h>
| #endif
| #ifdef HAVE_STRINGS_H
| # include <strings.h>
| #endif
| #ifdef HAVE_INTTYPES_H
| # include <inttypes.h>
| #endif
| #ifdef HAVE_STDINT_H
| # include <stdint.h>
| #endif
| #ifdef HAVE_UNISTD_H
| # include <unistd.h>
| #endif
| #include <argz.h>
configure:11623: result: no
configure:11623: checking argz.h presence
configure:11623: gcc -E  conftest.c
conftest.c:36:10: fatal error: 'argz.h' file not found
#include <argz.h>
         ^~~~~~~~
1 error generated.
configure:11623: $? = 1
configure: failed program was:
| /* confdefs.h */
| #define PACKAGE_NAME "pOSKI"
| #define PACKAGE_TARNAME "poski"
| #define PACKAGE_VERSION "v1.0.0"
| #define PACKAGE_STRING "pOSKI v1.0.0"
| #define PACKAGE_BUGREPORT "bebop-poski-admin@lists.eecs.berkeley.edu"
| #define PACKAGE_URL ""
| #define PACKAGE "poski"
| #define VERSION "v1.0.0"
| #define STDC_HEADERS 1
| #define HAVE_SYS_TYPES_H 1
| #define HAVE_SYS_STAT_H 1
| #define HAVE_STDLIB_H 1
| #define HAVE_STRING_H 1
| #define HAVE_MEMORY_H 1
| #define HAVE_STRINGS_H 1
| #define HAVE_INTTYPES_H 1
| #define HAVE_STDINT_H 1
| #define HAVE_UNISTD_H 1
| #define HAVE_DLFCN_H 1
| #define LT_OBJDIR ".libs/"
| #define STDC_HEADERS 1
| #define HAVE_STDIO_H 1
| #define HAVE_STDLIB_H 1
| #define HAVE_STDBOOL_H 1
| #define HAVE_STDARG_H 1
| #define HAVE_STRING_H 1
| #define HAVE_STRINGS_H 1
| #define HAVE_ASSERT_H 1
| #define HAVE_TIME_H 1
| #define HAVE_SYS_TIME_H 1
| #define HAVE_SYS_TYPES_H 1
| #define HAVE_STDDEF_H 1
| #define HAVE_UNISTD_H 1
| /* end confdefs.h.  */
| #include <argz.h>
configure:11623: result: no
configure:11623: checking for argz.h
configure:11623: result: no
configure:11623: checking float.h usability
configure:11623: gcc -c -g -O2  conftest.c >&5
configure:11623: $? = 0
configure:11623: result: yes
configure:11623: checking float.h presence
configure:11623: gcc -E  conftest.c
configure:11623: $? = 0
configure:11623: result: yes
configure:11623: checking for float.h
configure:11623: result: yes
configure:11623: checking limits.h usability
configure:11623: gcc -c -g -O2  conftest.c >&5
configure:11623: $? = 0
configure:11623: result: yes
configure:11623: checking limits.h presence
configure:11623: gcc -E  conftest.c
configure:11623: $? = 0
configure:11623: result: yes
configure:11623: checking for limits.h
configure:11623: result: yes
configure:11623: checking locale.h usability
configure:11623: gcc -c -g -O2  conftest.c >&5
configure:11623: $? = 0
configure:11623: result: yes
configure:11623: checking locale.h presence
configure:11623: gcc -E  conftest.c
configure:11623: $? = 0
configure:11623: result: yes
configure:11623: checking for locale.h
configure:11623: result: yes
configure:11623: checking for memory.h
configure:11623: result: yes
configure:11635: checking sched.h usability
configure:11635: gcc -c -g -O2  conftest.c >&5
configure:11635: $? = 0
configure:11635: result: yes
configure:11635: checking sched.h presence
configure:11635: gcc -E  conftest.c
configure:11635: $? = 0
configure:11635: result: yes
configure:11635: checking for sched.h
configure:11635: result: yes
configure:11649: checking sys/processor.h usability
configure:11649: gcc -c -g -O2  conftest.c >&5
conftest.c:74:10: fatal error: 'sys/processor.h' file not found
#include <sys/processor.h>
         ^~~~~~~~~~~~~~~~~
1 error generated.
configure:11649: $? = 1
configure: failed program was:
| /* confdefs.h */
| #define PACKAGE_NAME "pOSKI"
| #define PACKAGE_TARNAME "poski"
| #define PACKAGE_VERSION "v1.0.0"
| #define PACKAGE_STRING "pOSKI v1.0.0"
| #define PACKAGE_BUGREPORT "bebop-poski-admin@lists.eecs.berkeley.edu"
| #define PACKAGE_URL ""
| #define PACKAGE "poski"
| #define VERSION "v1.0.0"
| #define STDC_HEADERS 1
| #define HAVE_SYS_TYPES_H 1
| #define HAVE_SYS_STAT_H 1
| #define HAVE_STDLIB_H 1
| #define HAVE_STRING_H 1
| #define HAVE_MEMORY_H 1
| #define HAVE_STRINGS_H 1
| #define HAVE_INTTYPES_H 1
| #define HAVE_STDINT_H 1
| #define HAVE_UNISTD_H 1
| #define HAVE_DLFCN_H 1
| #define LT_OBJDIR ".libs/"
| #define STDC_HEADERS 1
| #define HAVE_STDIO_H 1
| #define HAVE_STDLIB_H 1
| #define HAVE_STDBOOL_H 1
| #define HAVE_STDARG_H 1
| #define HAVE_STRING_H 1
| #define HAVE_STRINGS_H 1
| #define HAVE_ASSERT_H 1
| #define HAVE_TIME_H 1
| #define HAVE_SYS_TIME_H 1
| #define HAVE_SYS_TYPES_H 1
| #define HAVE_STDDEF_H 1
| #define HAVE_UNISTD_H 1
| #define HAVE_FLOAT_H 1
| #define HAVE_LIMITS_H 1
| #define HAVE_LOCALE_H 1
| #define HAVE_MEMORY_H 1
| #define HAVE_SCHED_H 1
| /* end confdefs.h.  */
| #include <stdio.h>
| #ifdef HAVE_SYS_TYPES_H
| # include <sys/types.h>
| #endif
| #ifdef HAVE_SYS_STAT_H
| # include <sys/stat.h>
| #endif
| #ifdef STDC_HEADERS
| # include <stdlib.h>
| # include <stddef.h>
| #else
| # ifdef HAVE_STDLIB_H
| #  include <stdlib.h>
| # endif
| #endif
| #ifdef HAVE_STRING_H
| # if !defined STDC_HEADERS && defined HAVE_MEMORY_H
| #  include <memory.h>
| # endif
| # include <string.h>
| #endif
| #ifdef HAVE_STRINGS_H
| # include <strings.h>
| #endif
| #ifdef HAVE_INTTYPES_H
| # include <inttypes.h>
| #endif
| #ifdef HAVE_STDINT_H
| # include <stdint.h>
| #endif
| #ifdef HAVE_UNISTD_H
| # include <unistd.h>
| #endif
| #include <sys/processor.h>
configure:11649: result: no
configure:11649: checking sys/processor.h presence
configure:11649: gcc -E  conftest.c
conftest.c:41:10: fatal error: 'sys/processor.h' file not found
#include <sys/processor.h>
         ^~~~~~~~~~~~~~~~~
1 error generated.
configure:11649: $? = 1
configure: failed program was:
| /* confdefs.h */
| #define PACKAGE_NAME "pOSKI"
| #define PACKAGE_TARNAME "poski"
| #define PACKAGE_VERSION "v1.0.0"
| #define PACKAGE_STRING "pOSKI v1.0.0"
| #define PACKAGE_BUGREPORT "bebop-poski-admin@lists.eecs.berkeley.edu"
| #define PACKAGE_URL ""
| #define PACKAGE "poski"
| #define VERSION "v1.0.0"
| #define STDC_HEADERS 1
| #define HAVE_SYS_TYPES_H 1
| #define HAVE_SYS_STAT_H 1
| #define HAVE_STDLIB_H 1
| #define HAVE_STRING_H 1
| #define HAVE_MEMORY_H 1
| #define HAVE_STRINGS_H 1
| #define HAVE_INTTYPES_H 1
| #define HAVE_STDINT_H 1
| #define HAVE_UNISTD_H 1
| #define HAVE_DLFCN_H 1
| #define LT_OBJDIR ".libs/"
| #define STDC_HEADERS 1
| #define HAVE_STDIO_H 1
| #define HAVE_STDLIB_H 1
| #define HAVE_STDBOOL_H 1
| #define HAVE_STDARG_H 1
| #define HAVE_STRING_H 1
| #define HAVE_STRINGS_H 1
| #define HAVE_ASSERT_H 1
| #define HAVE_TIME_H 1
| #define HAVE_SYS_TIME_H 1
| #define HAVE_SYS_TYPES_H 1
| #define HAVE_STDDEF_H 1
| #define HAVE_UNISTD_H 1
| #define HAVE_FLOAT_H 1
| #define HAVE_LIMITS_H 1
| #define HAVE_LOCALE_H 1
| #define HAVE_MEMORY_H 1
| #define HAVE_SCHED_H 1
| /* end confdefs.h.  */
| #include <sys/processor.h>
configure:11649: result: no
configure:11649: checking for sys/processor.h
configure:11649: result: no
configure:11649: checking sys/procset.h usability
configure:11649: gcc -c -g -O2  conftest.c >&5
conftest.c:74:10: fatal error: 'sys/procset.h' file not found
#include <sys/procset.h>
         ^~~~~~~~~~~~~~~
1 error generated.
configure:11649: $? = 1
configure: failed program was:
| /* confdefs.h */
| #define PACKAGE_NAME "pOSKI"
| #define PACKAGE_TARNAME "poski"
| #define PACKAGE_VERSION "v1.0.0"
| #define PACKAGE_STRING "pOSKI v1.0.0"
| #define PACKAGE_BUGREPORT "bebop-poski-admin@lists.eecs.berkeley.edu"
| #define PACKAGE_URL ""
| #define PACKAGE "poski"
| #define VERSION "v1.0.0"
| #define STDC_HEADERS 1
| #define HAVE_SYS_TYPES_H 1
| #define HAVE_SYS_STAT_H 1
| #define HAVE_STDLIB_H 1
| #define HAVE_STRING_H 1
| #define HAVE_MEMORY_H 1
| #define HAVE_STRINGS_H 1
| #define HAVE_INTTYPES_H 1
| #define HAVE_STDINT_H 1
| #define HAVE_UNISTD_H 1
| #define HAVE_DLFCN_H 1
| #define LT_OBJDIR ".libs/"
| #define STDC_HEADERS 1
| #define HAVE_STDIO_H 1
| #define HAVE_STDLIB_H 1
| #define HAVE_STDBOOL_H 1
| #define HAVE_STDARG_H 1
| #define HAVE_STRING_H 1
| #define HAVE_STRINGS_H 1
| #define HAVE_ASSERT_H 1
| #define HAVE_TIME_H 1
| #define HAVE_SYS_TIME_H 1
| #define HAVE_SYS_TYPES_H 1
| #define HAVE_STDDEF_H 1
| #define HAVE_UNISTD_H 1
| #define HAVE_FLOAT_H 1
| #define HAVE_LIMITS_H 1
| #define HAVE_LOCALE_H 1
| #define HAVE_MEMORY_H 1
| #define HAVE_SCHED_H 1
| /* end confdefs.h.  */
| #include <stdio.h>
| #ifdef HAVE_SYS_TYPES_H
| # include <sys/types.h>
| #endif
| #ifdef HAVE_SYS_STAT_H
| # include <sys/stat.h>
| #endif
| #ifdef STDC_HEADERS
| # include <stdlib.h>
| # include <stddef.h>
| #else
| # ifdef HAVE_STDLIB_H
| #  include <stdlib.h>
| # endif
| #endif
| #ifdef HAVE_STRING_H
| # if !defined STDC_HEADERS && defined HAVE_MEMORY_H
| #  include <memory.h>
| # endif
| # include <string.h>
| #endif
| #ifdef HAVE_STRINGS_H
| # include <strings.h>
| #endif
| #ifdef HAVE_INTTYPES_H
| # include <inttypes.h>
| #endif
| #ifdef HAVE_STDINT_H
| # include <stdint.h>
| #endif
| #ifdef HAVE_UNISTD_H
| # include <unistd.h>
| #endif
| #include <sys/procset.h>
configure:11649: result: no
configure:11649: checking sys/procset.h presence
configure:11649: gcc -E  conftest.c
conftest.c:41:10: fatal error: 'sys/procset.h' file not found
#include <sys/procset.h>
         ^~~~~~~~~~~~~~~
1 error generated.
configure:11649: $? = 1
configure: failed program was:
| /* confdefs.h */
| #define PACKAGE_NAME "pOSKI"
| #define PACKAGE_TARNAME "poski"
| #define PACKAGE_VERSION "v1.0.0"
| #define PACKAGE_STRING "pOSKI v1.0.0"
| #define PACKAGE_BUGREPORT "bebop-poski-admin@lists.eecs.berkeley.edu"
| #define PACKAGE_URL ""
| #define PACKAGE "poski"
| #define VERSION "v1.0.0"
| #define STDC_HEADERS 1
| #define HAVE_SYS_TYPES_H 1
| #define HAVE_SYS_STAT_H 1
| #define HAVE_STDLIB_H 1
| #define HAVE_STRING_H 1
| #define HAVE_MEMORY_H 1
| #define HAVE_STRINGS_H 1
| #define HAVE_INTTYPES_H 1
| #define HAVE_STDINT_H 1
| #define HAVE_UNISTD_H 1
| #define HAVE_DLFCN_H 1
| #define LT_OBJDIR ".libs/"
| #define STDC_HEADERS 1
| #define HAVE_STDIO_H 1
| #define HAVE_STDLIB_H 1
| #define HAVE_STDBOOL_H 1
| #define HAVE_STDARG_H 1
| #define HAVE_STRING_H 1
| #define HAVE_STRINGS_H 1
| #define HAVE_ASSERT_H 1
| #define HAVE_TIME_H 1
| #define HAVE_SYS_TIME_H 1
| #define HAVE_SYS_TYPES_H 1
| #define HAVE_STDDEF_H 1
| #define HAVE_UNISTD_H 1
| #define HAVE_FLOAT_H 1
| #define HAVE_LIMITS_H 1
| #define HAVE_LOCALE_H 1
| #define HAVE_MEMORY_H 1
| #define HAVE_SCHED_H 1
| /* end confdefs.h.  */
| #include <sys/procset.h>
configure:11649: result: no
configure:11649: checking for sys/procset.h
configure:11649: result: no
configure:11662: checking sys/systemcfg.h usability
configure:11662: gcc -c -g -O2  conftest.c >&5
conftest.c:74:10: fatal error: 'sys/systemcfg.h' file not found
#include <sys/systemcfg.h>
         ^~~~~~~~~~~~~~~~~
1 error generated.
configure:11662: $? = 1
configure: failed program was:
| /* confdefs.h */
| #define PACKAGE_NAME "pOSKI"
| #define PACKAGE_TARNAME "poski"
| #define PACKAGE_VERSION "v1.0.0"
| #define PACKAGE_STRING "pOSKI v1.0.0"
| #define PACKAGE_BUGREPORT "bebop-poski-admin@lists.eecs.berkeley.edu"
| #define PACKAGE_URL ""
| #define PACKAGE "poski"
| #define VERSION "v1.0.0"
| #define STDC_HEADERS 1
| #define HAVE_SYS_TYPES_H 1
| #define HAVE_SYS_STAT_H 1
| #define HAVE_STDLIB_H 1
| #define HAVE_STRING_H 1
| #define HAVE_MEMORY_H 1
| #define HAVE_STRINGS_H 1
| #define HAVE_INTTYPES_H 1
| #define HAVE_STDINT_H 1
| #define HAVE_UNISTD_H 1
| #define HAVE_DLFCN_H 1
| #define LT_OBJDIR ".libs/"
| #define STDC_HEADERS 1
| #define HAVE_STDIO_H 1
| #define HAVE_STDLIB_H 1
| #define HAVE_STDBOOL_H 1
| #define HAVE_STDARG_H 1
| #define HAVE_STRING_H 1
| #define HAVE_STRINGS_H 1
| #define HAVE_ASSERT_H 1
| #define HAVE_TIME_H 1
| #define HAVE_SYS_TIME_H 1
| #define HAVE_SYS_TYPES_H 1
| #define HAVE_STDDEF_H 1
| #define HAVE_UNISTD_H 1
| #define HAVE_FLOAT_H 1
| #define HAVE_LIMITS_H 1
| #define HAVE_LOCALE_H 1
| #define HAVE_MEMORY_H 1
| #define HAVE_SCHED_H 1
| /* end confdefs.h.  */
| #include <stdio.h>
| #ifdef HAVE_SYS_TYPES_H
| # include <sys/types.h>
| #endif
| #ifdef HAVE_SYS_STAT_H
| # include <sys/stat.h>
| #endif
| #ifdef STDC_HEADERS
| # include <stdlib.h>
| # include <stddef.h>
| #else
| # ifdef HAVE_STDLIB_H
| #  include <stdlib.h>
| # endif
| #endif
| #ifdef HAVE_STRING_H
| # if !defined STDC_HEADERS && defined HAVE_MEMORY_H
| #  include <memory.h>
| # endif
| # include <string.h>
| #endif
| #ifdef HAVE_STRINGS_H
| # include <strings.h>
| #endif
| #ifdef HAVE_INTTYPES_H
| # include <inttypes.h>
| #endif
| #ifdef HAVE_STDINT_H
| # include <stdint.h>
| #endif
| #ifdef HAVE_UNISTD_H
| # include <unistd.h>
| #endif
| #include <sys/systemcfg.h>
configure:11662: result: no
configure:11662: checking sys/systemcfg.h presence
configure:11662: gcc -E  conftest.c
conftest.c:41:10: fatal error: 'sys/systemcfg.h' file not found
#include <sys/systemcfg.h>
         ^~~~~~~~~~~~~~~~~
1 error generated.
configure:11662: $? = 1
configure: failed program was:
| /* confdefs.h */
| #define PACKAGE_NAME "pOSKI"
| #define PACKAGE_TARNAME "poski"
| #define PACKAGE_VERSION "v1.0.0"
| #define PACKAGE_STRING "pOSKI v1.0.0"
| #define PACKAGE_BUGREPORT "bebop-poski-admin@lists.eecs.berkeley.edu"
| #define PACKAGE_URL ""
| #define PACKAGE "poski"
| #define VERSION "v1.0.0"
| #define STDC_HEADERS 1
| #define HAVE_SYS_TYPES_H 1
| #define HAVE_SYS_STAT_H 1
| #define HAVE_STDLIB_H 1
| #define HAVE_STRING_H 1
| #define HAVE_MEMORY_H 1
| #define HAVE_STRINGS_H 1
| #define HAVE_INTTYPES_H 1
| #define HAVE_STDINT_H 1
| #define HAVE_UNISTD_H 1
| #define HAVE_DLFCN_H 1
| #define LT_OBJDIR ".libs/"
| #define STDC_HEADERS 1
| #define HAVE_STDIO_H 1
| #define HAVE_STDLIB_H 1
| #define HAVE_STDBOOL_H 1
| #define HAVE_STDARG_H 1
| #define HAVE_STRING_H 1
| #define HAVE_STRINGS_H 1
| #define HAVE_ASSERT_H 1
| #define HAVE_TIME_H 1
| #define HAVE_SYS_TIME_H 1
| #define HAVE_SYS_TYPES_H 1
| #define HAVE_STDDEF_H 1
| #define HAVE_UNISTD_H 1
| #define HAVE_FLOAT_H 1
| #define HAVE_LIMITS_H 1
| #define HAVE_LOCALE_H 1
| #define HAVE_MEMORY_H 1
| #define HAVE_SCHED_H 1
| /* end confdefs.h.  */
| #include <sys/systemcfg.h>
configure:11662: result: no
configure:11662: checking for sys/systemcfg.h
configure:11662: result: no
configure:11730: checking whether C compiler accepts -std=gnu99
configure:11745: gcc -c -std=gnu99  conftest.c >&5
configure:11745: $? = 0
configure:11753: result: yes
configure:11951: checking for the pthreads library -lpthreads
configure:11987: gcc -o conftest -g -O2    conftest.c -lpthreads  >&5
conftest.c:47:59: warning: null passed to a callee that requires a non-null argument [-Wnonnull]
                     pthread_attr_init((pthread_attr_t*) 0);
                                       ~~~~~~~~~~~~~~~~~~~^
conftest.c:50:68: warning: null passed to a callee that requires a non-null argument [-Wnonnull]
                                    (void*(*)(void *)) 0, (void*) 0);
                                                                   ^
conftest.c:50:68: warning: null passed to a callee that requires a non-null argument [-Wnonnull]
                                    (void*(*)(void *)) 0, (void*) 0);
                                    ~~~~~~~~~~~~~~~~~~~~           ^
3 warnings generated.
ld: library not found for -lpthreads
clang: error: linker command failed with exit code 1 (use -v to see invocation)
configure:11987: $? = 1
configure: failed program was:
| /* confdefs.h */
| #define PACKAGE_NAME "pOSKI"
| #define PACKAGE_TARNAME "poski"
| #define PACKAGE_VERSION "v1.0.0"
| #define PACKAGE_STRING "pOSKI v1.0.0"
| #define PACKAGE_BUGREPORT "bebop-poski-admin@lists.eecs.berkeley.edu"
| #define PACKAGE_URL ""
| #define PACKAGE "poski"
| #define VERSION "v1.0.0"
| #define STDC_HEADERS 1
| #define HAVE_SYS_TYPES_H 1
| #define HAVE_SYS_STAT_H 1
| #define HAVE_STDLIB_H 1
| #define HAVE_STRING_H 1
| #define HAVE_MEMORY_H 1
| #define HAVE_STRINGS_H 1
| #define HAVE_INTTYPES_H 1
| #define HAVE_STDINT_H 1
| #define HAVE_UNISTD_H 1
| #define HAVE_DLFCN_H 1
| #define LT_OBJDIR ".libs/"
| #define STDC_HEADERS 1
| #define HAVE_STDIO_H 1
| #define HAVE_STDLIB_H 1
| #define HAVE_STDBOOL_H 1
| #define HAVE_STDARG_H 1
| #define HAVE_STRING_H 1
| #define HAVE_STRINGS_H 1
| #define HAVE_ASSERT_H 1
| #define HAVE_TIME_H 1
| #define HAVE_SYS_TIME_H 1
| #define HAVE_SYS_TYPES_H 1
| #define HAVE_STDDEF_H 1
| #define HAVE_UNISTD_H 1
| #define HAVE_FLOAT_H 1
| #define HAVE_LIMITS_H 1
| #define HAVE_LOCALE_H 1
| #define HAVE_MEMORY_H 1
| #define HAVE_SCHED_H 1
| #define HAVE_GNU99 1
| /* end confdefs.h.  */
| #include <pthread.h>
| int
| main ()
| {
| pthread_t th; pthread_join(th, (void**) 0);
|                      pthread_attr_init((pthread_attr_t*) 0);
|                      pthread_cleanup_push((void(*)(void *)) 0, (void*) 0);
|                      pthread_create((pthread_t*) 0, (pthread_attr_t*) 0,
|                                     (void*(*)(void *)) 0, (void*) 0);
|                      pthread_cleanup_pop(0);
|   ;
|   return 0;
| }
configure:11996: result: no
configure:11896: checking whether pthreads work without any flags
configure:11987: gcc -o conftest -g -O2    conftest.c   >&5
conftest.c:47:59: warning: null passed to a callee that requires a non-null argument [-Wnonnull]
                     pthread_attr_init((pthread_attr_t*) 0);
                                       ~~~~~~~~~~~~~~~~~~~^
conftest.c:50:68: warning: null passed to a callee that requires a non-null argument [-Wnonnull]
                                    (void*(*)(void *)) 0, (void*) 0);
                                                                   ^
conftest.c:50:68: warning: null passed to a callee that requires a non-null argument [-Wnonnull]
                                    (void*(*)(void *)) 0, (void*) 0);
                                    ~~~~~~~~~~~~~~~~~~~~           ^
3 warnings generated.
configure:11987: $? = 0
configure:11996: result: yes
configure:12015: checking for joinable pthread attribute
configure:12030: gcc -o conftest -g -O2    conftest.c   >&5
configure:12030: $? = 0
configure:12036: result: PTHREAD_CREATE_JOINABLE
configure:12046: checking if more special flags are required for pthreads
configure:12053: result: -D_THREAD_SAFE
configure:12137: checking for OpenMP flag of C compiler
configure:12174: gcc -o conftest -g -O2 -fopenmp   conftest.c  >&5
clang: error: unsupported option '-fopenmp'
clang: error: unsupported option '-fopenmp'
configure:12174: $? = 1
configure: failed program was:
| /* confdefs.h */
| #define PACKAGE_NAME "pOSKI"
| #define PACKAGE_TARNAME "poski"
| #define PACKAGE_VERSION "v1.0.0"
| #define PACKAGE_STRING "pOSKI v1.0.0"
| #define PACKAGE_BUGREPORT "bebop-poski-admin@lists.eecs.berkeley.edu"
| #define PACKAGE_URL ""
| #define PACKAGE "poski"
| #define VERSION "v1.0.0"
| #define STDC_HEADERS 1
| #define HAVE_SYS_TYPES_H 1
| #define HAVE_SYS_STAT_H 1
| #define HAVE_STDLIB_H 1
| #define HAVE_STRING_H 1
| #define HAVE_MEMORY_H 1
| #define HAVE_STRINGS_H 1
| #define HAVE_INTTYPES_H 1
| #define HAVE_STDINT_H 1
| #define HAVE_UNISTD_H 1
| #define HAVE_DLFCN_H 1
| #define LT_OBJDIR ".libs/"
| #define STDC_HEADERS 1
| #define HAVE_STDIO_H 1
| #define HAVE_STDLIB_H 1
| #define HAVE_STDBOOL_H 1
| #define HAVE_STDARG_H 1
| #define HAVE_STRING_H 1
| #define HAVE_STRINGS_H 1
| #define HAVE_ASSERT_H 1
| #define HAVE_TIME_H 1
| #define HAVE_SYS_TIME_H 1
| #define HAVE_SYS_TYPES_H 1
| #define HAVE_STDDEF_H 1
| #define HAVE_UNISTD_H 1
| #define HAVE_FLOAT_H 1
| #define HAVE_LIMITS_H 1
| #define HAVE_LOCALE_H 1
| #define HAVE_MEMORY_H 1
| #define HAVE_SCHED_H 1
| #define HAVE_GNU99 1
| #define HAVE_PTHREAD_H 1
| /* end confdefs.h.  */
| 
| /* Override any GCC internal prototype to avoid an error.
|    Use char because int might match the return type of a GCC
|    builtin and then its argument prototype would still apply.  */
| #ifdef __cplusplus
| extern "C"
| #endif
| char omp_set_num_threads ();
| int
| main ()
| {
| return omp_set_num_threads ();
|   ;
|   return 0;
| }
configure:12174: gcc -o conftest -g -O2 -openmp   conftest.c  >&5
Undefined symbols for architecture x86_64:
  "_omp_set_num_threads", referenced from:
      _main in conftest-1184be.o
ld: symbol(s) not found for architecture x86_64
clang: error: linker command failed with exit code 1 (use -v to see invocation)
configure:12174: $? = 1
configure: failed program was:
| /* confdefs.h */
| #define PACKAGE_NAME "pOSKI"
| #define PACKAGE_TARNAME "poski"
| #define PACKAGE_VERSION "v1.0.0"
| #define PACKAGE_STRING "pOSKI v1.0.0"
| #define PACKAGE_BUGREPORT "bebop-poski-admin@lists.eecs.berkeley.edu"
| #define PACKAGE_URL ""
| #define PACKAGE "poski"
| #define VERSION "v1.0.0"
| #define STDC_HEADERS 1
| #define HAVE_SYS_TYPES_H 1
| #define HAVE_SYS_STAT_H 1
| #define HAVE_STDLIB_H 1
| #define HAVE_STRING_H 1
| #define HAVE_MEMORY_H 1
| #define HAVE_STRINGS_H 1
| #define HAVE_INTTYPES_H 1
| #define HAVE_STDINT_H 1
| #define HAVE_UNISTD_H 1
| #define HAVE_DLFCN_H 1
| #define LT_OBJDIR ".libs/"
| #define STDC_HEADERS 1
| #define HAVE_STDIO_H 1
| #define HAVE_STDLIB_H 1
| #define HAVE_STDBOOL_H 1
| #define HAVE_STDARG_H 1
| #define HAVE_STRING_H 1
| #define HAVE_STRINGS_H 1
| #define HAVE_ASSERT_H 1
| #define HAVE_TIME_H 1
| #define HAVE_SYS_TIME_H 1
| #define HAVE_SYS_TYPES_H 1
| #define HAVE_STDDEF_H 1
| #define HAVE_UNISTD_H 1
| #define HAVE_FLOAT_H 1
| #define HAVE_LIMITS_H 1
| #define HAVE_LOCALE_H 1
| #define HAVE_MEMORY_H 1
| #define HAVE_SCHED_H 1
| #define HAVE_GNU99 1
| #define HAVE_PTHREAD_H 1
| /* end confdefs.h.  */
| 
| /* Override any GCC internal prototype to avoid an error.
|    Use char because int might match the return type of a GCC
|    builtin and then its argument prototype would still apply.  */
| #ifdef __cplusplus
| extern "C"
| #endif
| char omp_set_num_threads ();
| int
| main ()
| {
| return omp_set_num_threads ();
|   ;
|   return 0;
| }
configure:12174: gcc -o conftest -g -O2 -mp   conftest.c  >&5
clang: error: unknown argument '-mp', did you mean '-mtp='?
configure:12174: $? = 1
configure: failed program was:
| /* confdefs.h */
| #define PACKAGE_NAME "pOSKI"
| #define PACKAGE_TARNAME "poski"
| #define PACKAGE_VERSION "v1.0.0"
| #define PACKAGE_STRING "pOSKI v1.0.0"
| #define PACKAGE_BUGREPORT "bebop-poski-admin@lists.eecs.berkeley.edu"
| #define PACKAGE_URL ""
| #define PACKAGE "poski"
| #define VERSION "v1.0.0"
| #define STDC_HEADERS 1
| #define HAVE_SYS_TYPES_H 1
| #define HAVE_SYS_STAT_H 1
| #define HAVE_STDLIB_H 1
| #define HAVE_STRING_H 1
| #define HAVE_MEMORY_H 1
| #define HAVE_STRINGS_H 1
| #define HAVE_INTTYPES_H 1
| #define HAVE_STDINT_H 1
| #define HAVE_UNISTD_H 1
| #define HAVE_DLFCN_H 1
| #define LT_OBJDIR ".libs/"
| #define STDC_HEADERS 1
| #define HAVE_STDIO_H 1
| #define HAVE_STDLIB_H 1
| #define HAVE_STDBOOL_H 1
| #define HAVE_STDARG_H 1
| #define HAVE_STRING_H 1
| #define HAVE_STRINGS_H 1
| #define HAVE_ASSERT_H 1
| #define HAVE_TIME_H 1
| #define HAVE_SYS_TIME_H 1
| #define HAVE_SYS_TYPES_H 1
| #define HAVE_STDDEF_H 1
| #define HAVE_UNISTD_H 1
| #define HAVE_FLOAT_H 1
| #define HAVE_LIMITS_H 1
| #define HAVE_LOCALE_H 1
| #define HAVE_MEMORY_H 1
| #define HAVE_SCHED_H 1
| #define HAVE_GNU99 1
| #define HAVE_PTHREAD_H 1
| /* end confdefs.h.  */
| 
| /* Override any GCC internal prototype to avoid an error.
|    Use char because int might match the return type of a GCC
|    builtin and then its argument prototype would still apply.  */
| #ifdef __cplusplus
| extern "C"
| #endif
| char omp_set_num_threads ();
| int
| main ()
| {
| return omp_set_num_threads ();
|   ;
|   return 0;
| }
configure:12174: gcc -o conftest -g -O2 -xopenmp   conftest.c  >&5
clang: error: language not recognized: 'openmp'
configure:12174: $? = 1
configure: failed program was:
| /* confdefs.h */
| #define PACKAGE_NAME "pOSKI"
| #define PACKAGE_TARNAME "poski"
| #define PACKAGE_VERSION "v1.0.0"
| #define PACKAGE_STRING "pOSKI v1.0.0"
| #define PACKAGE_BUGREPORT "bebop-poski-admin@lists.eecs.berkeley.edu"
| #define PACKAGE_URL ""
| #define PACKAGE "poski"
| #define VERSION "v1.0.0"
| #define STDC_HEADERS 1
| #define HAVE_SYS_TYPES_H 1
| #define HAVE_SYS_STAT_H 1
| #define HAVE_STDLIB_H 1
| #define HAVE_STRING_H 1
| #define HAVE_MEMORY_H 1
| #define HAVE_STRINGS_H 1
| #define HAVE_INTTYPES_H 1
| #define HAVE_STDINT_H 1
| #define HAVE_UNISTD_H 1
| #define HAVE_DLFCN_H 1
| #define LT_OBJDIR ".libs/"
| #define STDC_HEADERS 1
| #define HAVE_STDIO_H 1
| #define HAVE_STDLIB_H 1
| #define HAVE_STDBOOL_H 1
| #define HAVE_STDARG_H 1
| #define HAVE_STRING_H 1
| #define HAVE_STRINGS_H 1
| #define HAVE_ASSERT_H 1
| #define HAVE_TIME_H 1
| #define HAVE_SYS_TIME_H 1
| #define HAVE_SYS_TYPES_H 1
| #define HAVE_STDDEF_H 1
| #define HAVE_UNISTD_H 1
| #define HAVE_FLOAT_H 1
| #define HAVE_LIMITS_H 1
| #define HAVE_LOCALE_H 1
| #define HAVE_MEMORY_H 1
| #define HAVE_SCHED_H 1
| #define HAVE_GNU99 1
| #define HAVE_PTHREAD_H 1
| /* end confdefs.h.  */
| 
| /* Override any GCC internal prototype to avoid an error.
|    Use char because int might match the return type of a GCC
|    builtin and then its argument prototype would still apply.  */
| #ifdef __cplusplus
| extern "C"
| #endif
| char omp_set_num_threads ();
| int
| main ()
| {
| return omp_set_num_threads ();
|   ;
|   return 0;
| }
configure:12174: gcc -o conftest -g -O2 -omp   conftest.c  >&5
Undefined symbols for architecture x86_64:
  "_omp_set_num_threads", referenced from:
      _main in conftest-0f2674.o
ld: symbol(s) not found for architecture x86_64
clang: error: linker command failed with exit code 1 (use -v to see invocation)
configure:12174: $? = 1
configure: failed program was:
| /* confdefs.h */
| #define PACKAGE_NAME "pOSKI"
| #define PACKAGE_TARNAME "poski"
| #define PACKAGE_VERSION "v1.0.0"
| #define PACKAGE_STRING "pOSKI v1.0.0"
| #define PACKAGE_BUGREPORT "bebop-poski-admin@lists.eecs.berkeley.edu"
| #define PACKAGE_URL ""
| #define PACKAGE "poski"
| #define VERSION "v1.0.0"
| #define STDC_HEADERS 1
| #define HAVE_SYS_TYPES_H 1
| #define HAVE_SYS_STAT_H 1
| #define HAVE_STDLIB_H 1
| #define HAVE_STRING_H 1
| #define HAVE_MEMORY_H 1
| #define HAVE_STRINGS_H 1
| #define HAVE_INTTYPES_H 1
| #define HAVE_STDINT_H 1
| #define HAVE_UNISTD_H 1
| #define HAVE_DLFCN_H 1
| #define LT_OBJDIR ".libs/"
| #define STDC_HEADERS 1
| #define HAVE_STDIO_H 1
| #define HAVE_STDLIB_H 1
| #define HAVE_STDBOOL_H 1
| #define HAVE_STDARG_H 1
| #define HAVE_STRING_H 1
| #define HAVE_STRINGS_H 1
| #define HAVE_ASSERT_H 1
| #define HAVE_TIME_H 1
| #define HAVE_SYS_TIME_H 1
| #define HAVE_SYS_TYPES_H 1
| #define HAVE_STDDEF_H 1
| #define HAVE_UNISTD_H 1
| #define HAVE_FLOAT_H 1
| #define HAVE_LIMITS_H 1
| #define HAVE_LOCALE_H 1
| #define HAVE_MEMORY_H 1
| #define HAVE_SCHED_H 1
| #define HAVE_GNU99 1
| #define HAVE_PTHREAD_H 1
| /* end confdefs.h.  */
| 
| /* Override any GCC internal prototype to avoid an error.
|    Use char because int might match the return type of a GCC
|    builtin and then its argument prototype would still apply.  */
| #ifdef __cplusplus
| extern "C"
| #endif
| char omp_set_num_threads ();
| int
| main ()
| {
| return omp_set_num_threads ();
|   ;
|   return 0;
| }
configure:12174: gcc -o conftest -g -O2 -qsmp=omp   conftest.c  >&5
clang: error: unknown argument: '-qsmp=omp'
configure:12174: $? = 1
configure: failed program was:
| /* confdefs.h */
| #define PACKAGE_NAME "pOSKI"
| #define PACKAGE_TARNAME "poski"
| #define PACKAGE_VERSION "v1.0.0"
| #define PACKAGE_STRING "pOSKI v1.0.0"
| #define PACKAGE_BUGREPORT "bebop-poski-admin@lists.eecs.berkeley.edu"
| #define PACKAGE_URL ""
| #define PACKAGE "poski"
| #define VERSION "v1.0.0"
| #define STDC_HEADERS 1
| #define HAVE_SYS_TYPES_H 1
| #define HAVE_SYS_STAT_H 1
| #define HAVE_STDLIB_H 1
| #define HAVE_STRING_H 1
| #define HAVE_MEMORY_H 1
| #define HAVE_STRINGS_H 1
| #define HAVE_INTTYPES_H 1
| #define HAVE_STDINT_H 1
| #define HAVE_UNISTD_H 1
| #define HAVE_DLFCN_H 1
| #define LT_OBJDIR ".libs/"
| #define STDC_HEADERS 1
| #define HAVE_STDIO_H 1
| #define HAVE_STDLIB_H 1
| #define HAVE_STDBOOL_H 1
| #define HAVE_STDARG_H 1
| #define HAVE_STRING_H 1
| #define HAVE_STRINGS_H 1
| #define HAVE_ASSERT_H 1
| #define HAVE_TIME_H 1
| #define HAVE_SYS_TIME_H 1
| #define HAVE_SYS_TYPES_H 1
| #define HAVE_STDDEF_H 1
| #define HAVE_UNISTD_H 1
| #define HAVE_FLOAT_H 1
| #define HAVE_LIMITS_H 1
| #define HAVE_LOCALE_H 1
| #define HAVE_MEMORY_H 1
| #define HAVE_SCHED_H 1
| #define HAVE_GNU99 1
| #define HAVE_PTHREAD_H 1
| /* end confdefs.h.  */
| 
| /* Override any GCC internal prototype to avoid an error.
|    Use char because int might match the return type of a GCC
|    builtin and then its argument prototype would still apply.  */
| #ifdef __cplusplus
| extern "C"
| #endif
| char omp_set_num_threads ();
| int
| main ()
| {
| return omp_set_num_threads ();
|   ;
|   return 0;
| }
configure:12174: gcc -o conftest    conftest.c  >&5
Undefined symbols for architecture x86_64:
  "_omp_set_num_threads", referenced from:
      _main in conftest-4c803c.o
ld: symbol(s) not found for architecture x86_64
clang: error: linker command failed with exit code 1 (use -v to see invocation)
configure:12174: $? = 1
configure: failed program was:
| /* confdefs.h */
| #define PACKAGE_NAME "pOSKI"
| #define PACKAGE_TARNAME "poski"
| #define PACKAGE_VERSION "v1.0.0"
| #define PACKAGE_STRING "pOSKI v1.0.0"
| #define PACKAGE_BUGREPORT "bebop-poski-admin@lists.eecs.berkeley.edu"
| #define PACKAGE_URL ""
| #define PACKAGE "poski"
| #define VERSION "v1.0.0"
| #define STDC_HEADERS 1
| #define HAVE_SYS_TYPES_H 1
| #define HAVE_SYS_STAT_H 1
| #define HAVE_STDLIB_H 1
| #define HAVE_STRING_H 1
| #define HAVE_MEMORY_H 1
| #define HAVE_STRINGS_H 1
| #define HAVE_INTTYPES_H 1
| #define HAVE_STDINT_H 1
| #define HAVE_UNISTD_H 1
| #define HAVE_DLFCN_H 1
| #define LT_OBJDIR ".libs/"
| #define STDC_HEADERS 1
| #define HAVE_STDIO_H 1
| #define HAVE_STDLIB_H 1
| #define HAVE_STDBOOL_H 1
| #define HAVE_STDARG_H 1
| #define HAVE_STRING_H 1
| #define HAVE_STRINGS_H 1
| #define HAVE_ASSERT_H 1
| #define HAVE_TIME_H 1
| #define HAVE_SYS_TIME_H 1
| #define HAVE_SYS_TYPES_H 1
| #define HAVE_STDDEF_H 1
| #define HAVE_UNISTD_H 1
| #define HAVE_FLOAT_H 1
| #define HAVE_LIMITS_H 1
| #define HAVE_LOCALE_H 1
| #define HAVE_MEMORY_H 1
| #define HAVE_SCHED_H 1
| #define HAVE_GNU99 1
| #define HAVE_PTHREAD_H 1
| /* end confdefs.h.  */
| 
| /* Override any GCC internal prototype to avoid an error.
|    Use char because int might match the return type of a GCC
|    builtin and then its argument prototype would still apply.  */
| #ifdef __cplusplus
| extern "C"
| #endif
| char omp_set_num_threads ();
| int
| main ()
| {
| return omp_set_num_threads ();
|   ;
|   return 0;
| }
configure:12183: result: unknown
configure:12199: checking whether we should try to build with NUMA optimizations (libnuma) 
configure:12209: result: no
configure:12290: checking for x86 cpuid  output
configure:12319: gcc -o conftest -g -O2   conftest.c  >&5
conftest.c:48:15: error: expected expression
     int op = , eax, ebx, ecx, edx;
              ^
1 error generated.
configure:12319: $? = 1
configure: program exited with status 1
configure: failed program was:
| /* confdefs.h */
| #define PACKAGE_NAME "pOSKI"
| #define PACKAGE_TARNAME "poski"
| #define PACKAGE_VERSION "v1.0.0"
| #define PACKAGE_STRING "pOSKI v1.0.0"
| #define PACKAGE_BUGREPORT "bebop-poski-admin@lists.eecs.berkeley.edu"
| #define PACKAGE_URL ""
| #define PACKAGE "poski"
| #define VERSION "v1.0.0"
| #define STDC_HEADERS 1
| #define HAVE_SYS_TYPES_H 1
| #define HAVE_SYS_STAT_H 1
| #define HAVE_STDLIB_H 1
| #define HAVE_STRING_H 1
| #define HAVE_MEMORY_H 1
| #define HAVE_STRINGS_H 1
| #define HAVE_INTTYPES_H 1
| #define HAVE_STDINT_H 1
| #define HAVE_UNISTD_H 1
| #define HAVE_DLFCN_H 1
| #define LT_OBJDIR ".libs/"
| #define STDC_HEADERS 1
| #define HAVE_STDIO_H 1
| #define HAVE_STDLIB_H 1
| #define HAVE_STDBOOL_H 1
| #define HAVE_STDARG_H 1
| #define HAVE_STRING_H 1
| #define HAVE_STRINGS_H 1
| #define HAVE_ASSERT_H 1
| #define HAVE_TIME_H 1
| #define HAVE_SYS_TIME_H 1
| #define HAVE_SYS_TYPES_H 1
| #define HAVE_STDDEF_H 1
| #define HAVE_UNISTD_H 1
| #define HAVE_FLOAT_H 1
| #define HAVE_LIMITS_H 1
| #define HAVE_LOCALE_H 1
| #define HAVE_MEMORY_H 1
| #define HAVE_SCHED_H 1
| #define HAVE_GNU99 1
| #define HAVE_PTHREAD_H 1
| /* end confdefs.h.  */
| #include <stdio.h>
| int
| main ()
| {
| 
|      int op = , eax, ebx, ecx, edx;
|      FILE *f;
|       __asm__("cpuid"
|         : "=a" (eax), "=b" (ebx), "=c" (ecx), "=d" (edx)
|         : "a" (op));
|      f = fopen("conftest_cpuid", "w"); if (!f) return 1;
|      fprintf(f, "%x:%x:%x:%x\n", eax, ebx, ecx, edx);
|      fclose(f);
|      return 0;
| 
|   ;
|   return 0;
| }
configure:12329: result: unknown
configure:12348: checking for x86 cpuid 0x00000001 output
configure:12377: gcc -o conftest -g -O2   conftest.c  >&5
configure:12377: $? = 0
configure:12377: ./conftest
configure:12377: $? = 0
configure:12387: result: 50654:2100800:7ffefbff:bfebfbff
configure:12401: checking whether mmx is supported
configure:12415: result: yes
configure:12418: checking whether sse is supported
configure:12432: result: yes
configure:12435: checking whether sse2 is supported
configure:12447: result: yes
configure:12450: checking whether sse3 is supported
configure:12464: result: yes
configure:12467: checking whether ssse3 is supported
configure:12481: result: yes
configure:12488: checking whether C compiler accepts -mmmx
configure:12507: gcc -c -mmmx  conftest.c >&5
configure:12507: $? = 0
configure:12517: result: yes
configure:12531: checking whether C compiler accepts -msse
configure:12550: gcc -c -msse  conftest.c >&5
configure:12550: $? = 0
configure:12560: result: yes
configure:12574: checking whether C compiler accepts -msse2
configure:12593: gcc -c -msse2  conftest.c >&5
configure:12593: $? = 0
configure:12603: result: yes
configure:12617: checking whether C compiler accepts -msse3
configure:12636: gcc -c -msse3  conftest.c >&5
configure:12636: $? = 0
configure:12646: result: yes
configure:12665: checking for an ANSI C-conforming const
configure:12730: gcc -c -g -O2  conftest.c >&5
configure:12730: $? = 0
configure:12737: result: yes
configure:12745: checking for inline
configure:12761: gcc -c -g -O2  conftest.c >&5
configure:12761: $? = 0
configure:12769: result: inline
configure:12787: checking for C/C++ restrict keyword
configure:12812: gcc -c -g -O2  conftest.c >&5
configure:12812: $? = 0
configure:12820: result: __restrict
configure:12833: checking for working volatile
configure:12852: gcc -c -g -O2  conftest.c >&5
configure:12852: $? = 0
configure:12859: result: yes
configure:12867: checking for size_t
configure:12867: gcc -c -g -O2  conftest.c >&5
configure:12867: $? = 0
configure:12867: gcc -c -g -O2  conftest.c >&5
conftest.c:85:21: error: expected expression
if (sizeof ((size_t)))
                    ^
1 error generated.
configure:12867: $? = 1
configure: failed program was:
| /* confdefs.h */
| #define PACKAGE_NAME "pOSKI"
| #define PACKAGE_TARNAME "poski"
| #define PACKAGE_VERSION "v1.0.0"
| #define PACKAGE_STRING "pOSKI v1.0.0"
| #define PACKAGE_BUGREPORT "bebop-poski-admin@lists.eecs.berkeley.edu"
| #define PACKAGE_URL ""
| #define PACKAGE "poski"
| #define VERSION "v1.0.0"
| #define STDC_HEADERS 1
| #define HAVE_SYS_TYPES_H 1
| #define HAVE_SYS_STAT_H 1
| #define HAVE_STDLIB_H 1
| #define HAVE_STRING_H 1
| #define HAVE_MEMORY_H 1
| #define HAVE_STRINGS_H 1
| #define HAVE_INTTYPES_H 1
| #define HAVE_STDINT_H 1
| #define HAVE_UNISTD_H 1
| #define HAVE_DLFCN_H 1
| #define LT_OBJDIR ".libs/"
| #define STDC_HEADERS 1
| #define HAVE_STDIO_H 1
| #define HAVE_STDLIB_H 1
| #define HAVE_STDBOOL_H 1
| #define HAVE_STDARG_H 1
| #define HAVE_STRING_H 1
| #define HAVE_STRINGS_H 1
| #define HAVE_ASSERT_H 1
| #define HAVE_TIME_H 1
| #define HAVE_SYS_TIME_H 1
| #define HAVE_SYS_TYPES_H 1
| #define HAVE_STDDEF_H 1
| #define HAVE_UNISTD_H 1
| #define HAVE_FLOAT_H 1
| #define HAVE_LIMITS_H 1
| #define HAVE_LOCALE_H 1
| #define HAVE_MEMORY_H 1
| #define HAVE_SCHED_H 1
| #define HAVE_GNU99 1
| #define HAVE_PTHREAD_H 1
| #define HAVE_MMX /**/
| #define HAVE_SSE /**/
| #define HAVE_SSE2 /**/
| #define HAVE_SSE3 /**/
| #define HAVE_SSSE3 /**/
| #define restrict __restrict
| /* end confdefs.h.  */
| #include <stdio.h>
| #ifdef HAVE_SYS_TYPES_H
| # include <sys/types.h>
| #endif
| #ifdef HAVE_SYS_STAT_H
| # include <sys/stat.h>
| #endif
| #ifdef STDC_HEADERS
| # include <stdlib.h>
| # include <stddef.h>
| #else
| # ifdef HAVE_STDLIB_H
| #  include <stdlib.h>
| # endif
| #endif
| #ifdef HAVE_STRING_H
| # if !defined STDC_HEADERS && defined HAVE_MEMORY_H
| #  include <memory.h>
| # endif
| # include <string.h>
| #endif
| #ifdef HAVE_STRINGS_H
| # include <strings.h>
| #endif
| #ifdef HAVE_INTTYPES_H
| # include <inttypes.h>
| #endif
| #ifdef HAVE_STDINT_H
| # include <stdint.h>
| #endif
| #ifdef HAVE_UNISTD_H
| # include <unistd.h>
| #endif
| int
| main ()
| {
| if (sizeof ((size_t)))
| 	    return 0;
|   ;
|   return 0;
| }
configure:12867: result: yes
configure:12881: checking for vprintf
configure:12881: gcc -o conftest -g -O2   conftest.c  >&5
conftest.c:72:6: warning: incompatible redeclaration of library function 'vprintf' [-Wincompatible-library-redeclaration]
char vprintf ();
     ^
conftest.c:72:6: note: 'vprintf' is a builtin with type 'int (const char *, struct __va_list_tag *)'
1 warning generated.
configure:12881: $? = 0
configure:12881: result: yes
configure:12887: checking for _doprnt
configure:12887: gcc -o conftest -g -O2   conftest.c  >&5
Undefined symbols for architecture x86_64:
  "__doprnt", referenced from:
      _main in conftest-75d553.o
ld: symbol(s) not found for architecture x86_64
clang: error: linker command failed with exit code 1 (use -v to see invocation)
configure:12887: $? = 1
configure: failed program was:
| /* confdefs.h */
| #define PACKAGE_NAME "pOSKI"
| #define PACKAGE_TARNAME "poski"
| #define PACKAGE_VERSION "v1.0.0"
| #define PACKAGE_STRING "pOSKI v1.0.0"
| #define PACKAGE_BUGREPORT "bebop-poski-admin@lists.eecs.berkeley.edu"
| #define PACKAGE_URL ""
| #define PACKAGE "poski"
| #define VERSION "v1.0.0"
| #define STDC_HEADERS 1
| #define HAVE_SYS_TYPES_H 1
| #define HAVE_SYS_STAT_H 1
| #define HAVE_STDLIB_H 1
| #define HAVE_STRING_H 1
| #define HAVE_MEMORY_H 1
| #define HAVE_STRINGS_H 1
| #define HAVE_INTTYPES_H 1
| #define HAVE_STDINT_H 1
| #define HAVE_UNISTD_H 1
| #define HAVE_DLFCN_H 1
| #define LT_OBJDIR ".libs/"
| #define STDC_HEADERS 1
| #define HAVE_STDIO_H 1
| #define HAVE_STDLIB_H 1
| #define HAVE_STDBOOL_H 1
| #define HAVE_STDARG_H 1
| #define HAVE_STRING_H 1
| #define HAVE_STRINGS_H 1
| #define HAVE_ASSERT_H 1
| #define HAVE_TIME_H 1
| #define HAVE_SYS_TIME_H 1
| #define HAVE_SYS_TYPES_H 1
| #define HAVE_STDDEF_H 1
| #define HAVE_UNISTD_H 1
| #define HAVE_FLOAT_H 1
| #define HAVE_LIMITS_H 1
| #define HAVE_LOCALE_H 1
| #define HAVE_MEMORY_H 1
| #define HAVE_SCHED_H 1
| #define HAVE_GNU99 1
| #define HAVE_PTHREAD_H 1
| #define HAVE_MMX /**/
| #define HAVE_SSE /**/
| #define HAVE_SSE2 /**/
| #define HAVE_SSE3 /**/
| #define HAVE_SSSE3 /**/
| #define restrict __restrict
| #define HAVE_VPRINTF 1
| /* end confdefs.h.  */
| /* Define _doprnt to an innocuous variant, in case <limits.h> declares _doprnt.
|    For example, HP-UX 11i <limits.h> declares gettimeofday.  */
| #define _doprnt innocuous__doprnt
| 
| /* System header to define __stub macros and hopefully few prototypes,
|     which can conflict with char _doprnt (); below.
|     Prefer <limits.h> to <assert.h> if __STDC__ is defined, since
|     <limits.h> exists even on freestanding compilers.  */
| 
| #ifdef __STDC__
| # include <limits.h>
| #else
| # include <assert.h>
| #endif
| 
| #undef _doprnt
| 
| /* Override any GCC internal prototype to avoid an error.
|    Use char because int might match the return type of a GCC
|    builtin and then its argument prototype would still apply.  */
| #ifdef __cplusplus
| extern "C"
| #endif
| char _doprnt ();
| /* The GNU C library defines this for functions which it implements
|     to always fail with ENOSYS.  Some functions are actually named
|     something starting with __ and the normal name is an alias.  */
| #if defined __stub__doprnt || defined __stub____doprnt
| choke me
| #endif
| 
| int
| main ()
| {
| return _doprnt ();
|   ;
|   return 0;
| }
configure:12887: result: no
configure:12900: checking for stdlib.h
configure:12900: result: yes
configure:12910: checking for GNU libc compatible malloc
configure:12934: gcc -o conftest -g -O2   conftest.c  >&5
configure:12934: $? = 0
configure:12934: ./conftest
configure:12934: $? = 0
configure:12944: result: yes
configure:12968: checking for bzero
configure:12968: gcc -o conftest -g -O2   conftest.c  >&5
conftest.c:75:6: warning: incompatible redeclaration of library function 'bzero' [-Wincompatible-library-redeclaration]
char bzero ();
     ^
conftest.c:75:6: note: 'bzero' is a builtin with type 'void (void *, unsigned long)'
1 warning generated.
configure:12968: $? = 0
configure:12968: result: yes
configure:12980: checking for strcpy
configure:12980: gcc -o conftest -g -O2   conftest.c  >&5
conftest.c:76:6: warning: incompatible redeclaration of library function 'strcpy' [-Wincompatible-library-redeclaration]
char strcpy ();
     ^
conftest.c:76:6: note: 'strcpy' is a builtin with type 'char *(char *, const char *)'
1 warning generated.
configure:12980: $? = 0
configure:12980: result: yes
configure:12980: checking for bcopy
configure:12980: gcc -o conftest -g -O2   conftest.c  >&5
configure:12980: $? = 0
configure:12980: result: yes
configure:12992: checking for memcmp
configure:12992: gcc -o conftest -g -O2   conftest.c  >&5
conftest.c:78:6: warning: incompatible redeclaration of library function 'memcmp' [-Wincompatible-library-redeclaration]
char memcmp ();
     ^
conftest.c:78:6: note: 'memcmp' is a builtin with type 'int (const void *, const void *, unsigned long)'
1 warning generated.
configure:12992: $? = 0
configure:12992: result: yes
configure:13004: checking for drand48
configure:13004: gcc -o conftest -g -O2   conftest.c  >&5
configure:13004: $? = 0
configure:13004: result: yes
configure:13004: checking for random
configure:13004: gcc -o conftest -g -O2   conftest.c  >&5
configure:13004: $? = 0
configure:13004: result: yes
configure:13004: checking for rand
configure:13004: gcc -o conftest -g -O2   conftest.c  >&5
configure:13004: $? = 0
configure:13004: result: yes
configure:13155: creating ./config.status

## ---------------------- ##
## Running config.status. ##
## ---------------------- ##

This file was extended by pOSKI config.status v1.0.0, which was
generated by GNU Autoconf 2.68.  Invocation command line was

  CONFIG_FILES    = 
  CONFIG_HEADERS  = 
  CONFIG_LINKS    = 
  CONFIG_COMMANDS = 
  $ ./config.status 

on Kulins-iMac-Pro.local

config.status:1141: creating Makefile
config.status:1141: creating include/poski/Makefile
config.status:1141: creating src/Makefile
config.status:1141: creating m4/Makefile
config.status:1141: creating tests/Makefile
config.status:1141: creating config/config.h
config.status:1370: executing depfiles commands
config.status:1370: executing libtool commands
configure:15463: === configuring in libltdl (/Users/kulinseth/src/coding/spmv/poski-v1.0.0/libltdl)
configure:15526: running /bin/sh ./configure --disable-option-checking '--prefix=/usr/local'  '--enable-ltdl-convenience' --cache-file=/dev/null --srcdir=.

## ---------------- ##
## Cache variables. ##
## ---------------- ##

ac_cv_build=x86_64-apple-darwin20.0.0
ac_cv_c_compiler_gnu=yes
ac_cv_c_const=yes
ac_cv_c_inline=inline
ac_cv_c_restrict=__restrict
ac_cv_c_volatile=yes
ac_cv_env_CC_set=
ac_cv_env_CC_value=
ac_cv_env_CFLAGS_set=
ac_cv_env_CFLAGS_value=
ac_cv_env_CPPFLAGS_set=
ac_cv_env_CPPFLAGS_value=
ac_cv_env_CPP_set=
ac_cv_env_CPP_value=
ac_cv_env_LDFLAGS_set=
ac_cv_env_LDFLAGS_value=
ac_cv_env_LIBS_set=
ac_cv_env_LIBS_value=
ac_cv_env_build_alias_set=
ac_cv_env_build_alias_value=
ac_cv_env_host_alias_set=
ac_cv_env_host_alias_value=
ac_cv_env_target_alias_set=
ac_cv_env_target_alias_value=
ac_cv_func__doprnt=no
ac_cv_func_bcopy=yes
ac_cv_func_bzero=yes
ac_cv_func_drand48=yes
ac_cv_func_malloc_0_nonnull=yes
ac_cv_func_memcmp=yes
ac_cv_func_rand=yes
ac_cv_func_random=yes
ac_cv_func_strcpy=yes
ac_cv_func_vprintf=yes
ac_cv_header_argz_h=no
ac_cv_header_assert_h=yes
ac_cv_header_dlfcn_h=yes
ac_cv_header_float_h=yes
ac_cv_header_inttypes_h=yes
ac_cv_header_limits_h=yes
ac_cv_header_locale_h=yes
ac_cv_header_malloc_h=no
ac_cv_header_memory_h=yes
ac_cv_header_sched_h=yes
ac_cv_header_stdarg_h=yes
ac_cv_header_stdbool_h=yes
ac_cv_header_stdc=yes
ac_cv_header_stddef_h=yes
ac_cv_header_stdint_h=yes
ac_cv_header_stdio_h=yes
ac_cv_header_stdlib_h=yes
ac_cv_header_string_h=yes
ac_cv_header_strings_h=yes
ac_cv_header_sys_processor_h=no
ac_cv_header_sys_procset_h=no
ac_cv_header_sys_stat_h=yes
ac_cv_header_sys_sysinfo_h=no
ac_cv_header_sys_systemcfg_h=no
ac_cv_header_sys_time_h=yes
ac_cv_header_sys_types_h=yes
ac_cv_header_time_h=yes
ac_cv_header_unistd_h=yes
ac_cv_host=x86_64-apple-darwin20.0.0
ac_cv_lib_dl_dlopen=yes
ac_cv_objext=o
ac_cv_path_EGREP='/usr/bin/grep -E'
ac_cv_path_FGREP='/usr/bin/grep -F'
ac_cv_path_GREP=/usr/bin/grep
ac_cv_path_SED=/usr/bin/sed
ac_cv_path_install='/usr/bin/install -c'
ac_cv_prog_AWK=awk
ac_cv_prog_CPP='gcc -E'
ac_cv_prog_ac_ct_AR=ar
ac_cv_prog_ac_ct_CC=gcc
ac_cv_prog_ac_ct_DSYMUTIL=dsymutil
ac_cv_prog_ac_ct_LIPO=lipo
ac_cv_prog_ac_ct_NMEDIT=nmedit
ac_cv_prog_ac_ct_OBJDUMP=objdump
ac_cv_prog_ac_ct_OTOOL=otool
ac_cv_prog_ac_ct_RANLIB=ranlib
ac_cv_prog_ac_ct_STRIP=strip
ac_cv_prog_cc_c89=
ac_cv_prog_cc_g=yes
ac_cv_prog_make_make_set=yes
ac_cv_type_size_t=yes
am_cv_CC_dependencies_compiler_type=gcc3
ax_cv_c_flags__mmmx=yes
ax_cv_c_flags__msse2=yes
ax_cv_c_flags__msse3=yes
ax_cv_c_flags__msse=yes
ax_cv_c_flags__std_gnu99=yes
ax_cv_c_openmp=unknown
ax_cv_gcc_x86_cpuid_0x00000001=50654:2100800:7ffefbff:bfebfbff
ax_cv_gcc_x86_cpuid_=unknown
ax_cv_have_mmx_ext=yes
ax_cv_have_sse2_ext=yes
ax_cv_have_sse3_ext=yes
ax_cv_have_sse_ext=yes
ax_cv_have_ssse3_ext=yes
lt_cv_apple_cc_single_mod=yes
lt_cv_ar_at_file=no
lt_cv_deplibs_check_method=pass_all
lt_cv_dlopen=dlopen
lt_cv_dlopen_libs=-ldl
lt_cv_dlopen_self=yes
lt_cv_dlopen_self_static=yes
lt_cv_file_magic_cmd='$MAGIC_CMD'
lt_cv_file_magic_test_file=
lt_cv_ld_exported_symbols_list=yes
lt_cv_ld_force_load=yes
lt_cv_ld_reload_flag=-r
lt_cv_nm_interface='BSD nm'
lt_cv_objdir=.libs
lt_cv_path_LD=/Applications/Xcode.app/Contents/Developer/Toolchains/XcodeDefault.xctoolchain/usr/bin/ld
lt_cv_path_NM='/usr/bin/nm -B'
lt_cv_path_mainfest_tool=no
lt_cv_prog_compiler_c_o=yes
lt_cv_prog_compiler_pic='-fno-common -DPIC'
lt_cv_prog_compiler_pic_works=yes
lt_cv_prog_compiler_rtti_exceptions=yes
lt_cv_prog_compiler_static_works=no
lt_cv_prog_gnu_ld=no
lt_cv_sharedlib_from_linklib_cmd='printf %s\n'
lt_cv_sys_global_symbol_pipe='sed -n -e '\''s/^.*[	 ]\([BCDEGRST][BCDEGRST]*\)[	 ][	 ]*_\([_A-Za-z][_A-Za-z0-9]*\)$/\1 _\2 \2/p'\'' | sed '\''/ __gnu_lto/d'\'''
lt_cv_sys_global_symbol_to_c_name_address='sed -n -e '\''s/^: \([^ ]*\)[ ]*$/  {\"\1\", (void *) 0},/p'\'' -e '\''s/^[BCDEGRST]* \([^ ]*\) \([^ ]*\)$/  {"\2", (void *) \&\2},/p'\'''
lt_cv_sys_global_symbol_to_c_name_address_lib_prefix='sed -n -e '\''s/^: \([^ ]*\)[ ]*$/  {\"\1\", (void *) 0},/p'\'' -e '\''s/^[BCDEGRST]* \([^ ]*\) \(lib[^ ]*\)$/  {"\2", (void *) \&\2},/p'\'' -e '\''s/^[BCDEGRST]* \([^ ]*\) \([^ ]*\)$/  {"lib\2", (void *) \&\2},/p'\'''
lt_cv_sys_global_symbol_to_cdecl='sed -n -e '\''s/^T .* \(.*\)$/extern int \1();/p'\'' -e '\''s/^[BCDEGRST]* .* \(.*\)$/extern char \1;/p'\'''
lt_cv_sys_max_cmd_len=196608
lt_cv_to_host_file_cmd=func_convert_file_noop
lt_cv_to_tool_file_cmd=func_convert_file_noop

## ----------------- ##
## Output variables. ##
## ----------------- ##

ACLOCAL='${SHELL} /Users/kulinseth/src/coding/spmv/poski-v1.0.0/missing --run aclocal-1.11'
AMDEPBACKSLASH='\'
AMDEP_FALSE='#'
AMDEP_TRUE=''
AMTAR='$${TAR-tar}'
AR='ar'
AUTOCONF='${SHELL} /Users/kulinseth/src/coding/spmv/poski-v1.0.0/missing --run autoconf'
AUTOHEADER='${SHELL} /Users/kulinseth/src/coding/spmv/poski-v1.0.0/missing --run autoheader'
AUTOMAKE='${SHELL} /Users/kulinseth/src/coding/spmv/poski-v1.0.0/missing --run automake-1.11'
AWK='awk'
CC='gcc'
CCDEPMODE='depmode=gcc3'
CFLAGS='-I/Users/kulinseth/src/coding/spmv/poski-v1.0.0//include -g -O2 -std=gnu99 -D_THREAD_SAFE   -msse3 '
CPP='gcc -E'
CPPFLAGS=''
CYGPATH_W='echo'
DEFS='-DHAVE_CONFIG_H'
DEPDIR='.deps'
DLLTOOL='false'
DSYMUTIL='dsymutil'
DUMPBIN=''
ECHO_C='\c'
ECHO_N=''
ECHO_T=''
EGREP='/usr/bin/grep -E'
EXEEXT=''
FGREP='/usr/bin/grep -F'
GNU99FLAGS='-std=gnu99'
GREP='/usr/bin/grep'
INCLTDL='-I${top_srcdir}/libltdl'
INSTALL_DATA='${INSTALL} -m 644'
INSTALL_PROGRAM='${INSTALL}'
INSTALL_SCRIPT='${INSTALL}'
INSTALL_STRIP_PROGRAM='$(install_sh) -c -s'
LD='/Applications/Xcode.app/Contents/Developer/Toolchains/XcodeDefault.xctoolchain/usr/bin/ld'
LDFLAGS=' -lm'
LIBLTDL='${top_build_prefix}libltdl/libltdlc.la'
LIBOBJS=''
LIBS=''
LIBTOOL='$(SHELL) $(top_builddir)/libtool'
LIPO='lipo'
LN_S='ln -s'
LTDLDEPS='${top_build_prefix}libltdl/libltdlc.la'
LTDLINCL='-I${top_srcdir}/libltdl'
LTLIBOBJS=''
MAINT='#'
MAINTAINER_MODE_FALSE=''
MAINTAINER_MODE_TRUE='#'
MAKEINFO='${SHELL} /Users/kulinseth/src/coding/spmv/poski-v1.0.0/missing --run makeinfo'
MANIFEST_TOOL=':'
MKDIR_P='./install-sh -c -d'
NM='/usr/bin/nm -B'
NMEDIT='nmedit'
NUMA_LIBS=''
OBJDUMP='objdump'
OBJEXT='o'
OPENMP_CFLAGS=''
OTOOL64=':'
OTOOL='otool'
PACKAGE='poski'
PACKAGE_BUGREPORT='bebop-poski-admin@lists.eecs.berkeley.edu'
PACKAGE_NAME='pOSKI'
PACKAGE_STRING='pOSKI v1.0.0'
PACKAGE_TARNAME='poski'
PACKAGE_URL=''
PACKAGE_VERSION='v1.0.0'
PATH_SEPARATOR=':'
PTHREAD_CC='gcc'
PTHREAD_CFLAGS='-D_THREAD_SAFE '
PTHREAD_LIBS=''
RANLIB='ranlib'
SED='/usr/bin/sed'
SET_MAKE=''
SHELL='/bin/sh'
SIMD_FLAGS='-msse3'
STRIP='strip'
VERSION='v1.0.0'
ac_ct_AR='ar'
ac_ct_CC='gcc'
ac_ct_DUMPBIN=''
acx_pthread_config=''
am__EXEEXT_FALSE=''
am__EXEEXT_TRUE='#'
am__fastdepCC_FALSE='#'
am__fastdepCC_TRUE=''
am__include='include'
am__isrc=''
am__leading_dot='.'
am__nodep='_no'
am__quote=''
am__tar='$${TAR-tar} chof - "$$tardir"'
am__untar='$${TAR-tar} xf -'
bindir='${exec_prefix}/bin'
build='x86_64-apple-darwin20.0.0'
build_alias=''
build_cpu='x86_64'
build_os='darwin20.0.0'
build_vendor='apple'
datadir='${datarootdir}'
datarootdir='${prefix}/share'
docdir='${datarootdir}/doc/${PACKAGE_TARNAME}'
dvidir='${docdir}'
exec_prefix='${prefix}'
host='x86_64-apple-darwin20.0.0'
host_alias=''
host_cpu='x86_64'
host_os='darwin20.0.0'
host_vendor='apple'
htmldir='${docdir}'
includedir='${prefix}/include'
infodir='${datarootdir}/info'
install_sh='${SHELL} /Users/kulinseth/src/coding/spmv/poski-v1.0.0/install-sh'
libdir='${exec_prefix}/lib'
libexecdir='${exec_prefix}/libexec'
localedir='${datarootdir}/locale'
localstatedir='${prefix}/var'
mandir='${datarootdir}/man'
mkdir_p='$(top_builddir)/./install-sh -c -d'
oldincludedir='/usr/include'
pdfdir='${docdir}'
prefix='/usr/local'
program_transform_name='s,x,x,'
psdir='${docdir}'
sbindir='${exec_prefix}/sbin'
sharedstatedir='${prefix}/com'
subdirs=' libltdl'
sysconfdir='${prefix}/etc'
target_alias=''

## ----------- ##
## confdefs.h. ##
## ----------- ##

/* confdefs.h */
#define PACKAGE_NAME "pOSKI"
#define PACKAGE_TARNAME "poski"
#define PACKAGE_VERSION "v1.0.0"
#define PACKAGE_STRING "pOSKI v1.0.0"
#define PACKAGE_BUGREPORT "bebop-poski-admin@lists.eecs.berkeley.edu"
#define PACKAGE_URL ""
#define PACKAGE "poski"
#define VERSION "v1.0.0"
#define STDC_HEADERS 1
#define HAVE_SYS_TYPES_H 1
#define HAVE_SYS_STAT_H 1
#define HAVE_STDLIB_H 1
#define HAVE_STRING_H 1
#define HAVE_MEMORY_H 1
#define HAVE_STRINGS_H 1
#define HAVE_INTTYPES_H 1
#define HAVE_STDINT_H 1
#define HAVE_UNISTD_H 1
#define HAVE_DLFCN_H 1
#define LT_OBJDIR ".libs/"
#define STDC_HEADERS 1
#define HAVE_STDIO_H 1
#define HAVE_STDLIB_H 1
#define HAVE_STDBOOL_H 1
#define HAVE_STDARG_H 1
#define HAVE_STRING_H 1
#define HAVE_STRINGS_H 1
#define HAVE_ASSERT_H 1
#define HAVE_TIME_H 1
#define HAVE_SYS_TIME_H 1
#define HAVE_SYS_TYPES_H 1
#define HAVE_STDDEF_H 1
#define HAVE_UNISTD_H 1
#define HAVE_FLOAT_H 1
#define HAVE_LIMITS_H 1
#define HAVE_LOCALE_H 1
#define HAVE_MEMORY_H 1
#define HAVE_SCHED_H 1
#define HAVE_GNU99 1
#define HAVE_PTHREAD_H 1
#define HAVE_MMX /**/
#define HAVE_SSE /**/
#define HAVE_SSE2 /**/
#define HAVE_SSE3 /**/
#define HAVE_SSSE3 /**/
#define restrict __restrict
#define HAVE_VPRINTF 1
#define HAVE_STDLIB_H 1
#define HAVE_MALLOC 1
#define HAVE_BZERO 1
#define HAVE_STRCPY 1
#define HAVE_BCOPY 1
#define HAVE_MEMCMP 1
#define HAVE_DRAND48 1
#define HAVE_RANDOM 1
#define HAVE_RAND 1

configure: exit 0
